#
# There is insufficient memory for the Java Runtime Environment to continue.
# Native memory allocation (malloc) failed to allocate 638096 bytes for Chunk::new
# Possible reasons:
#   The system is out of physical RAM or swap space
#   In 32 bit mode, the process size limit was hit
# Possible solutions:
#   Reduce memory load on the system
#   Increase physical memory or swap space
#   Check if swap backing store is full
#   Use 64 bit Java on a 64 bit OS
#   Decrease Java heap size (-Xmx/-Xms)
#   Decrease number of Java threads
#   Decrease Java thread stack sizes (-Xss)
#   Set larger code cache with -XX:ReservedCodeCacheSize=
# This output file may be truncated or incomplete.
#
#  Out of Memory Error (allocation.cpp:390), pid=12508, tid=11988
#
# JRE version: Java(TM) SE Runtime Environment (8.0_65-b17) (build 1.8.0_65-b17)
# Java VM: Java HotSpot(TM) 64-Bit Server VM (25.65-b01 mixed mode windows-amd64 compressed oops)
# Failed to write core dump. Minidumps are not enabled by default on client versions of Windows
#

---------------  T H R E A D  ---------------

Current thread (0x0000000014a82000):  JavaThread "C2 CompilerThread1" daemon [_thread_in_native, id=11988, stack(0x0000000016160000,0x0000000016260000)]

Stack: [0x0000000016160000,0x0000000016260000]
[error occurred during error reporting (printing stack bounds), id 0xc0000005]

Native frames: (J=compiled Java code, j=interpreted, Vv=VM code, C=native code)


Current CompileTask:
C2:   5628 1244       4       com.android.dx.ssa.LocalVariableExtractor::processBlock (383 bytes)


---------------  P R O C E S S  ---------------

Java Threads: ( => current thread )
  0x00000000165c6000 JavaThread "pool-1-thread-4" [_thread_in_Java, id=9816, stack(0x0000000016d60000,0x0000000016e60000)]
  0x0000000016664000 JavaThread "pool-1-thread-3" [_thread_in_Java, id=10736, stack(0x0000000016c60000,0x0000000016d60000)]
  0x0000000016658800 JavaThread "pool-1-thread-2" [_thread_in_Java, id=15788, stack(0x0000000016b60000,0x0000000016c60000)]
  0x000000001664f800 JavaThread "pool-2-thread-1" [_thread_blocked, id=15952, stack(0x0000000016a60000,0x0000000016b60000)]
  0x000000001664d000 JavaThread "pool-1-thread-1" [_thread_in_vm, id=5876, stack(0x0000000016960000,0x0000000016a60000)]
  0x0000000016361800 JavaThread "Service Thread" daemon [_thread_blocked, id=8796, stack(0x0000000016760000,0x0000000016860000)]
  0x0000000014a8c800 JavaThread "C1 CompilerThread2" daemon [_thread_blocked, id=11816, stack(0x0000000016260000,0x0000000016360000)]
=>0x0000000014a82000 JavaThread "C2 CompilerThread1" daemon [_thread_in_native, id=11988, stack(0x0000000016160000,0x0000000016260000)]
  0x0000000014a38800 JavaThread "C2 CompilerThread0" daemon [_thread_in_native, id=6420, stack(0x0000000016060000,0x0000000016160000)]
  0x0000000014a36800 JavaThread "Attach Listener" daemon [_thread_blocked, id=12404, stack(0x0000000015f60000,0x0000000016060000)]
  0x0000000014a35000 JavaThread "Signal Dispatcher" daemon [_thread_blocked, id=11476, stack(0x0000000015e60000,0x0000000015f60000)]
  0x0000000002351000 JavaThread "Finalizer" daemon [_thread_blocked, id=10764, stack(0x0000000015c80000,0x0000000015d80000)]
  0x000000000234e000 JavaThread "Reference Handler" daemon [_thread_blocked, id=5020, stack(0x0000000015b80000,0x0000000015c80000)]
  0x0000000002260800 JavaThread "main" [_thread_in_Java, id=16188, stack(0x0000000002160000,0x0000000002260000)]

Other Threads:
  0x00000000149f7800 VMThread [stack: 0x0000000015a80000,0x0000000015b80000] [id=12344]
  0x000000001636c000 WatcherThread [stack: 0x0000000016860000,0x0000000016960000] [id=12976]

VM state:not at safepoint (normal execution)

VM Mutex/Monitor currently owned by a thread: None

Heap:
 PSYoungGen      total 28672K, used 21136K [0x00000000eab00000, 0x00000000ee300000, 0x0000000100000000)
  eden space 24576K, 69% used [0x00000000eab00000,0x00000000ebbabad0,0x00000000ec300000)
  from space 4096K, 99% used [0x00000000ec300000,0x00000000ec6f87f8,0x00000000ec700000)
  to   space 4096K, 0% used [0x00000000edf00000,0x00000000edf00000,0x00000000ee300000)
 ParOldGen       total 65536K, used 2331K [0x00000000c0000000, 0x00000000c4000000, 0x00000000eab00000)
  object space 65536K, 3% used [0x00000000c0000000,0x00000000c0246d50,0x00000000c4000000)
 Metaspace       used 5923K, capacity 6896K, committed 7040K, reserved 1056768K
  class space    used 595K, capacity 616K, committed 640K, reserved 1048576K

Card table byte_map: [0x0000000011720000,0x0000000011930000] byte_map_base: 0x0000000011120000

Marking Bits: (ParMarkBitMap*) 0x0000000067daa5b0
 Begin Bits: [0x0000000011e90000, 0x0000000012e90000)
 End Bits:   [0x0000000012e90000, 0x0000000013e90000)

Polling page: 0x0000000002070000

CodeCache: size=245760Kb used=4818Kb max_used=4830Kb free=240941Kb
 bounds [0x0000000002360000, 0x0000000002820000, 0x0000000011360000]
 total_blobs=1499 nmethods=1230 adapters=182
 compilation: enabled

Compilation events (10 events):
Event: 5.562 Thread 0x0000000014a38800 nmethod 1177 0x0000000002818790 code [0x0000000002818ae0, 0x000000000281ae80]
Event: 5.563 Thread 0x0000000014a38800 1240   !   4       com.android.dx.cf.code.BytecodeArray::parseInstruction (2764 bytes)
Event: 5.569 Thread 0x0000000014a82000 nmethod 1235 0x0000000002817850 code [0x00000000028179c0, 0x00000000028180d8]
Event: 5.570 Thread 0x0000000014a82000 1221       4       java.util.HashMap::put (13 bytes)
Event: 5.583 Thread 0x0000000014a82000 nmethod 1221 0x0000000002812c50 code [0x0000000002812e00, 0x00000000028135f8]
Event: 5.583 Thread 0x0000000014a82000 1182       4       com.android.dx.rop.cst.CstString::compareTo0 (15 bytes)
Event: 5.584 Thread 0x0000000014a82000 nmethod 1182 0x0000000002812810 code [0x0000000002812960, 0x0000000002812b38]
Event: 5.593 Thread 0x0000000014a82000 1243       4       com.android.dx.ssa.SsaConverter::needsNewSuccessor (53 bytes)
Event: 5.598 Thread 0x0000000014a82000 nmethod 1243 0x0000000002812150 code [0x00000000028122a0, 0x0000000002812498]
Event: 5.598 Thread 0x0000000014a82000 1244       4       com.android.dx.ssa.LocalVariableExtractor::processBlock (383 bytes)

GC Heap History (2 events):
Event: 4.533 GC heap before
{Heap before GC invocations=1 (full 0):
 PSYoungGen      total 28672K, used 24576K [0x00000000eab00000, 0x00000000ecb00000, 0x0000000100000000)
  eden space 24576K, 100% used [0x00000000eab00000,0x00000000ec300000,0x00000000ec300000)
  from space 4096K, 0% used [0x00000000ec700000,0x00000000ec700000,0x00000000ecb00000)
  to   space 4096K, 0% used [0x00000000ec300000,0x00000000ec300000,0x00000000ec700000)
 ParOldGen       total 65536K, used 0K [0x00000000c0000000, 0x00000000c4000000, 0x00000000eab00000)
  object space 65536K, 0% used [0x00000000c0000000,0x00000000c0000000,0x00000000c4000000)
 Metaspace       used 5820K, capacity 6768K, committed 7040K, reserved 1056768K
  class space    used 595K, capacity 616K, committed 640K, reserved 1048576K
Event: 4.904 GC heap after
Heap after GC invocations=1 (full 0):
 PSYoungGen      total 28672K, used 4065K [0x00000000eab00000, 0x00000000ee300000, 0x0000000100000000)
  eden space 24576K, 0% used [0x00000000eab00000,0x00000000eab00000,0x00000000ec300000)
  from space 4096K, 99% used [0x00000000ec300000,0x00000000ec6f87f8,0x00000000ec700000)
  to   space 4096K, 0% used [0x00000000edf00000,0x00000000edf00000,0x00000000ee300000)
 ParOldGen       total 65536K, used 2331K [0x00000000c0000000, 0x00000000c4000000, 0x00000000eab00000)
  object space 65536K, 3% used [0x00000000c0000000,0x00000000c0246d50,0x00000000c4000000)
 Metaspace       used 5820K, capacity 6768K, committed 7040K, reserved 1056768K
  class space    used 595K, capacity 616K, committed 640K, reserved 1048576K
}

Deoptimization events (9 events):
Event: 3.039 Thread 0x0000000016664000 Uncommon trap: reason=unstable_if action=reinterpret pc=0x00000000025bceb4 method=java.util.HashMap.getNode(ILjava/lang/Object;)Ljava/util/HashMap$Node; @ 62
Event: 3.454 Thread 0x000000001664d000 Uncommon trap: reason=unstable_if action=reinterpret pc=0x00000000026128f0 method=java.util.BitSet.nextSetBit(I)I @ 87
Event: 3.481 Thread 0x00000000165c6000 Uncommon trap: reason=unstable_if action=reinterpret pc=0x0000000002613c90 method=com.android.dx.rop.code.RegisterSpec.equals(ILcom/android/dx/rop/type/TypeBearer;Lcom/android/dx/rop/code/LocalItem;)Z @ 16
Event: 3.726 Thread 0x000000001664d000 Uncommon trap: reason=unloaded action=reinterpret pc=0x000000000268fd1c method=com.android.dx.ssa.SsaRenamer$BlockRenamer.visitMoveInsn(Lcom/android/dx/ssa/NormalSsaInsn;)V @ 208
Event: 4.178 Thread 0x0000000016664000 Uncommon trap: reason=class_check action=maybe_recompile pc=0x0000000002636f30 method=com.android.dx.ssa.NormalSsaInsn.accept(Lcom/android/dx/ssa/SsaInsn$Visitor;)V @ 9
Event: 4.178 Thread 0x0000000016664000 Uncommon trap: reason=class_check action=maybe_recompile pc=0x0000000002636f30 method=com.android.dx.ssa.NormalSsaInsn.accept(Lcom/android/dx/ssa/SsaInsn$Visitor;)V @ 9
Event: 4.178 Thread 0x0000000016664000 Uncommon trap: reason=class_check action=maybe_recompile pc=0x0000000002636f30 method=com.android.dx.ssa.NormalSsaInsn.accept(Lcom/android/dx/ssa/SsaInsn$Visitor;)V @ 9
Event: 4.178 Thread 0x0000000016664000 Uncommon trap: reason=class_check action=maybe_recompile pc=0x0000000002636f30 method=com.android.dx.ssa.NormalSsaInsn.accept(Lcom/android/dx/ssa/SsaInsn$Visitor;)V @ 9
Event: 5.540 Thread 0x000000001664d000 Uncommon trap: reason=unstable_if action=reinterpret pc=0x00000000027bdcf8 method=com.android.dx.cf.code.Ropper.labelToResultIndex(I)I @ 34

Internal exceptions (2 events):
Event: 0.401 Thread 0x0000000002260800 Exception <a 'java/lang/NoSuchMethodError': Method sun.misc.Unsafe.defineClass(Ljava/lang/String;[BII)Ljava/lang/Class; name or signature does not match> (0x00000000eab0d610) thrown at [C:\workspace\8-2-build-windows-amd64-cygwin\jdk8u65\4987\hotspot\src\s«•g›¦Ù?
Event: 0.401 Thread 0x0000000002260800 Exception <a 'java/lang/NoSuchMethodError': Method sun.misc.Unsafe.prefetchRead(Ljava/lang/Object;J)V name or signature does not match> (0x00000000eab0d8f8) thrown at [C:\workspace\8-2-build-windows-amd64-cygwin\jdk8u65\4987\hotspot\src\share\vm\prims\jni.

Events (10 events):
Event: 5.437 Thread 0x0000000016664000 DEOPT UNPACKING pc=0x00000000023a787f sp=0x0000000016d5e580 mode 0
Event: 5.492 Thread 0x0000000016658800 DEOPT PACKING pc=0x00000000026d3bad sp=0x0000000016c5e760
Event: 5.492 Thread 0x0000000016658800 DEOPT UNPACKING pc=0x00000000023a787f sp=0x0000000016c5e550 mode 0
Event: 5.510 Thread 0x0000000016658800 DEOPT PACKING pc=0x00000000027867db sp=0x0000000016c5e680
Event: 5.510 Thread 0x0000000016658800 DEOPT UNPACKING pc=0x00000000023a787f sp=0x0000000016c5e418 mode 0
Event: 5.522 Thread 0x000000001664d000 DEOPT PACKING pc=0x0000000002723a3a sp=0x0000000016a5e720
Event: 5.522 Thread 0x000000001664d000 DEOPT UNPACKING pc=0x00000000023a787f sp=0x0000000016a5e488 mode 0
Event: 5.540 Thread 0x000000001664d000 Uncommon trap: trap_request=0xffffff65 fr.pc=0x00000000027bdcf8
Event: 5.540 Thread 0x000000001664d000 DEOPT PACKING pc=0x00000000027bdcf8 sp=0x0000000016a5e690
Event: 5.540 Thread 0x000000001664d000 DEOPT UNPACKING pc=0x00000000023a582a sp=0x0000000016a5e628 mode 2


Dynamic libraries:
0x00007ff79edb0000 - 0x00007ff79ede7000 	C:\Program Files\Java\jdk1.8.0_65\bin\java.exe
0x00007fff9a640000 - 0x00007fff9a802000 	C:\WINDOWS\SYSTEM32\ntdll.dll
0x00007fff981e0000 - 0x00007fff9828d000 	C:\WINDOWS\system32\KERNEL32.DLL
0x00007fff97920000 - 0x00007fff97afd000 	C:\WINDOWS\system32\KERNELBASE.dll
0x00007fff98c40000 - 0x00007fff98ce6000 	C:\WINDOWS\system32\ADVAPI32.dll
0x00007fff983e0000 - 0x00007fff9847d000 	C:\WINDOWS\system32\msvcrt.dll
0x00007fff9a580000 - 0x00007fff9a5db000 	C:\WINDOWS\system32\sechost.dll
0x00007fff98480000 - 0x00007fff985a6000 	C:\WINDOWS\system32\RPCRT4.dll
0x00007fff9a3c0000 - 0x00007fff9a50e000 	C:\WINDOWS\system32\USER32.dll
0x00007fff98880000 - 0x00007fff98a06000 	C:\WINDOWS\system32\GDI32.dll
0x00007fff8d0e0000 - 0x00007fff8d354000 	C:\WINDOWS\WinSxS\amd64_microsoft.windows.common-controls_6595b64144ccf1df_6.0.10240.16384_none_f41f7b285750ef43\COMCTL32.dll
0x00007fff985b0000 - 0x00007fff985e6000 	C:\WINDOWS\system32\IMM32.DLL
0x00007fff98cf0000 - 0x00007fff98e4c000 	C:\WINDOWS\system32\MSCTF.dll
0x00000000660a0000 - 0x0000000066172000 	C:\Program Files\Java\jdk1.8.0_65\jre\bin\msvcr100.dll
0x00000000675a0000 - 0x0000000067e29000 	C:\Program Files\Java\jdk1.8.0_65\jre\bin\server\jvm.dll
0x00007fff98290000 - 0x00007fff98298000 	C:\WINDOWS\system32\PSAPI.DLL
0x00007fff83960000 - 0x00007fff83969000 	C:\WINDOWS\SYSTEM32\WSOCK32.dll
0x00007fff98a20000 - 0x00007fff98a89000 	C:\WINDOWS\system32\WS2_32.dll
0x00007fff985f0000 - 0x00007fff985f8000 	C:\WINDOWS\system32\NSI.dll
0x00007fff95310000 - 0x00007fff95333000 	C:\WINDOWS\SYSTEM32\WINMM.dll
0x00007fff95a90000 - 0x00007fff95a9a000 	C:\WINDOWS\SYSTEM32\VERSION.dll
0x00007fff952b0000 - 0x00007fff952dc000 	C:\WINDOWS\SYSTEM32\WINMMBASE.dll
0x00007fff977b0000 - 0x00007fff977f4000 	C:\WINDOWS\system32\cfgmgr32.dll
0x00007fff96e00000 - 0x00007fff96e27000 	C:\WINDOWS\SYSTEM32\DEVOBJ.dll
0x0000000067590000 - 0x000000006759f000 	C:\Program Files\Java\jdk1.8.0_65\jre\bin\verify.dll
0x0000000067560000 - 0x0000000067589000 	C:\Program Files\Java\jdk1.8.0_65\jre\bin\java.dll
0x0000000067540000 - 0x0000000067556000 	C:\Program Files\Java\jdk1.8.0_65\jre\bin\zip.dll
0x00007fff98e50000 - 0x00007fff9a3b8000 	C:\WINDOWS\system32\SHELL32.dll
0x00007fff97180000 - 0x00007fff977a8000 	C:\WINDOWS\system32\windows.storage.dll
0x00007fff98600000 - 0x00007fff9887c000 	C:\WINDOWS\system32\combase.dll
0x00007fff98180000 - 0x00007fff981d1000 	C:\WINDOWS\system32\shlwapi.dll
0x00007fff970c0000 - 0x00007fff970cf000 	C:\WINDOWS\system32\kernel.appcore.dll
0x00007fff97800000 - 0x00007fff978b3000 	C:\WINDOWS\system32\shcore.dll
0x00007fff97030000 - 0x00007fff9707a000 	C:\WINDOWS\system32\powrprof.dll
0x00007fff97080000 - 0x00007fff97093000 	C:\WINDOWS\system32\profapi.dll
0x00007fff98320000 - 0x00007fff983de000 	C:\WINDOWS\system32\OLEAUT32.dll

VM Arguments:
jvm_args: -Djava.awt.headless=true -Xmx1024M -Dfile.encoding=windows-1252 -Duser.country=US -Duser.language=en -Duser.variant 
java_command: com.android.dx.command.Main --dex --num-threads=4 --output C:\Users\admin\AndroidStudioProjects\pyschology\app\build\intermediates\pre-dexed\debug\mpandroidchartlibrary-1-7-4_8cb981d8cd5c459ed34942448367989fc385d822.jar C:\Users\admin\AndroidStudioProjects\pyschology\app\libs\mpandroidchartlibrary-1-7-4.jar
java_class_path (initial): E:\admin\Documents\ssdk\build-tools\23.0.3\lib\dx.jar
Launcher Type: SUN_STANDARD

Environment Variables:
PATH=C:\Program Files (x86)\PC Connectivity Solution\;C:\ProgramData\Oracle\Java\javapath;C:\WINDOWS\system32;C:\WINDOWS;C:\WINDOWS\System32\Wbem;C:\WINDOWS\System32\WindowsPowerShell\v1.0\;C:\Program Files\Microsoft SQL Server\110\Tools\Binn\;C:\wamp\bin\php\php5.5.12;C:\ProgramData\ComposerSetup\bin;C:\Program Files (x86)\MySQL\MySQL Fabric 1.5 & MySQL Utilities 1.5\;C:\Program Files (x86)\MySQL\MySQL Fabric 1.5 & MySQL Utilities 1.5\Doctrine extensions for PHP\;C:\WINDOWS\system32\config\systemprofile\.dnx\bin;C:\Program Files\Microsoft DNX\Dnvm\;C:\Program Files (x86)\Skype\Phone\;C:\Program Files (x86)\Windows Kits\8.1\Windows Performance Toolkit\;C:\Program Files (x86)\Fuse\;C:\Users\admin\.dnx\bin
USERNAME=admin
OS=Windows_NT
PROCESSOR_IDENTIFIER=Intel64 Family 6 Model 69 Stepping 1, GenuineIntel



---------------  S Y S T E M  ---------------

OS: Windows 10.0 , 64 bit Build 10240 (10.0.10240.16384)

CPU:total 4 (2 cores per cpu, 2 threads per core) family 6 model 69 stepping 1, cmov, cx8, fxsr, mmx, sse, sse2, sse3, ssse3, sse4.1, sse4.2, popcnt, avx, avx2, aes, clmul, erms, lzcnt, ht, tsc, tscinvbit, bmi1, bmi2

Memory: 4k page, physical 6185324k(402768k free), swap 10281324k(5140k free)

vm_info: Java HotSpot(TM) 64-Bit Server VM (25.65-b01) for windows-amd64 JRE (1.8.0_65-b17), built on Oct  6 2015 16:39:20 by "java_re" with MS VC++ 10.0 (VS2010)

time: Thu Jun 02 11:29:03 2016
elapsed time: 5 seconds (0d 0h 0m 5s)

