#
# There is insufficient memory for the Java Runtime Environment to continue.
# Native memory allocation (malloc) failed to allocate 378256 bytes for Chunk::new
# Possible reasons:
#   The system is out of physical RAM or swap space
#   In 32 bit mode, the process size limit was hit
# Possible solutions:
#   Reduce memory load on the system
#   Increase physical memory or swap space
#   Check if swap backing store is full
#   Use 64 bit Java on a 64 bit OS
#   Decrease Java heap size (-Xmx/-Xms)
#   Decrease number of Java threads
#   Decrease Java thread stack sizes (-Xss)
#   Set larger code cache with -XX:ReservedCodeCacheSize=
# This output file may be truncated or incomplete.
#
#  Out of Memory Error (allocation.cpp:390), pid=13556, tid=14892
#
# JRE version: Java(TM) SE Runtime Environment (8.0_65-b17) (build 1.8.0_65-b17)
# Java VM: Java HotSpot(TM) 64-Bit Server VM (25.65-b01 mixed mode windows-amd64 compressed oops)
# Failed to write core dump. Minidumps are not enabled by default on client versions of Windows
#

---------------  T H R E A D  ---------------

Current thread (0x000000001524e000):  JavaThread "C2 CompilerThread0" daemon [_thread_in_native, id=14892, stack(0x00000000168b0000,0x00000000169b0000)]

Stack: [0x00000000168b0000,0x00000000169b0000]
[error occurred during error reporting (printing stack bounds), id 0xc0000005]

Native frames: (J=compiled Java code, j=interpreted, Vv=VM code, C=native code)


Current CompileTask:
C2:  18088 1885       4       com.android.dx.ssa.back.FirstFitLocalCombiningAllocator::handleNormalUnassociated (99 bytes)


---------------  P R O C E S S  ---------------

Java Threads: ( => current thread )
  0x0000000016d0e800 JavaThread "pool-1-thread-4" [_thread_in_Java, id=14476, stack(0x00000000175b0000,0x00000000176b0000)]
  0x0000000016d0d800 JavaThread "pool-1-thread-3" [_thread_blocked, id=15080, stack(0x00000000174b0000,0x00000000175b0000)]
  0x0000000016d0c800 JavaThread "pool-1-thread-2" [_thread_blocked, id=16060, stack(0x00000000173b0000,0x00000000174b0000)]
  0x0000000016d0a000 JavaThread "pool-2-thread-1" [_thread_blocked, id=12264, stack(0x00000000172b0000,0x00000000173b0000)]
  0x0000000016d09000 JavaThread "pool-1-thread-1" [_thread_blocked, id=940, stack(0x00000000171b0000,0x00000000172b0000)]
  0x0000000016ae1000 JavaThread "Service Thread" daemon [_thread_blocked, id=8116, stack(0x0000000016fb0000,0x00000000170b0000)]
  0x0000000016ab8800 JavaThread "C1 CompilerThread2" daemon [_thread_blocked, id=7564, stack(0x0000000016eb0000,0x0000000016fb0000)]
  0x0000000015265000 JavaThread "C2 CompilerThread1" daemon [_thread_in_native, id=10856, stack(0x00000000169b0000,0x0000000016ab0000)]
=>0x000000001524e000 JavaThread "C2 CompilerThread0" daemon [_thread_in_native, id=14892, stack(0x00000000168b0000,0x00000000169b0000)]
  0x000000001524c000 JavaThread "Attach Listener" daemon [_thread_blocked, id=15540, stack(0x00000000167b0000,0x00000000168b0000)]
  0x000000001524b000 JavaThread "Signal Dispatcher" daemon [_thread_blocked, id=13948, stack(0x00000000166b0000,0x00000000167b0000)]
  0x0000000002b46800 JavaThread "Finalizer" daemon [_thread_blocked, id=10788, stack(0x00000000164c0000,0x00000000165c0000)]
  0x0000000002b3d000 JavaThread "Reference Handler" daemon [_thread_blocked, id=13052, stack(0x00000000163c0000,0x00000000164c0000)]
  0x0000000002a50800 JavaThread "main" [_thread_blocked, id=15220, stack(0x0000000002950000,0x0000000002a50000)]

Other Threads:
  0x0000000015218000 VMThread [stack: 0x00000000162c0000,0x00000000163c0000] [id=15888]
  0x0000000016ae4000 WatcherThread [stack: 0x00000000170b0000,0x00000000171b0000] [id=15224]

VM state:not at safepoint (normal execution)

VM Mutex/Monitor currently owned by a thread: None

Heap:
 PSYoungGen      total 53248K, used 52070K [0x00000000eab00000, 0x00000000f1300000, 0x0000000100000000)
  eden space 49152K, 97% used [0x00000000eab00000,0x00000000ed9e0718,0x00000000edb00000)
  from space 4096K, 99% used [0x00000000edb00000,0x00000000edef9250,0x00000000edf00000)
  to   space 4096K, 0% used [0x00000000f0f00000,0x00000000f0f00000,0x00000000f1300000)
 ParOldGen       total 65536K, used 10927K [0x00000000c0000000, 0x00000000c4000000, 0x00000000eab00000)
  object space 65536K, 16% used [0x00000000c0000000,0x00000000c0aabfb8,0x00000000c4000000)
 Metaspace       used 6281K, capacity 7152K, committed 7296K, reserved 1056768K
  class space    used 603K, capacity 616K, committed 640K, reserved 1048576K

Card table byte_map: [0x0000000011f20000,0x0000000012130000] byte_map_base: 0x0000000011920000

Marking Bits: (ParMarkBitMap*) 0x0000000067daa5b0
 Begin Bits: [0x0000000012690000, 0x0000000013690000)
 End Bits:   [0x0000000013690000, 0x0000000014690000)

Polling page: 0x0000000002910000

CodeCache: size=245760Kb used=9082Kb max_used=9082Kb free=236677Kb
 bounds [0x0000000002b60000, 0x0000000003450000, 0x0000000011b60000]
 total_blobs=2101 nmethods=1828 adapters=182
 compilation: enabled

Compilation events (10 events):
Event: 16.885 Thread 0x0000000016ab8800 1883       3       com.android.dx.ssa.InterferenceRegisterMapper::areAnyPinned (81 bytes)
Event: 16.886 Thread 0x0000000016ab8800 nmethod 1883 0x000000000341e410 code [0x000000000341e600, 0x000000000341f258]
Event: 16.890 Thread 0x0000000016ab8800 1884       3       com.android.dx.ssa.SsaBasicBlock::getLiveOutRegs (26 bytes)
Event: 16.891 Thread 0x0000000016ab8800 nmethod 1884 0x000000000341da50 code [0x000000000341dbe0, 0x000000000341e168]
Event: 16.991 Thread 0x000000001524e000 nmethod 1845 0x0000000003438850 code [0x0000000003438b60, 0x000000000343bb50]
Event: 16.994 Thread 0x000000001524e000 1850       4       com.android.dx.ssa.SsaBasicBlock::newFromRop (183 bytes)
Event: 17.166 Thread 0x000000001524e000 nmethod 1850 0x000000000343ff10 code [0x00000000034401c0, 0x00000000034426a8]
Event: 17.166 Thread 0x000000001524e000 1849       4       com.android.dx.cf.code.LineNumberList$Item::<init> (43 bytes)
Event: 17.167 Thread 0x000000001524e000 nmethod 1849 0x00000000033b2090 code [0x00000000033b21c0, 0x00000000033b2258]
Event: 18.073 Thread 0x000000001524e000 1885       4       com.android.dx.ssa.back.FirstFitLocalCombiningAllocator::handleNormalUnassociated (99 bytes)

GC Heap History (6 events):
Event: 2.581 GC heap before
{Heap before GC invocations=1 (full 0):
 PSYoungGen      total 28672K, used 24576K [0x00000000eab00000, 0x00000000ecb00000, 0x0000000100000000)
  eden space 24576K, 100% used [0x00000000eab00000,0x00000000ec300000,0x00000000ec300000)
  from space 4096K, 0% used [0x00000000ec700000,0x00000000ec700000,0x00000000ecb00000)
  to   space 4096K, 0% used [0x00000000ec300000,0x00000000ec300000,0x00000000ec700000)
 ParOldGen       total 65536K, used 0K [0x00000000c0000000, 0x00000000c4000000, 0x00000000eab00000)
  object space 65536K, 0% used [0x00000000c0000000,0x00000000c0000000,0x00000000c4000000)
 Metaspace       used 5836K, capacity 6768K, committed 7040K, reserved 1056768K
  class space    used 600K, capacity 616K, committed 640K, reserved 1048576K
Event: 2.610 GC heap after
Heap after GC invocations=1 (full 0):
 PSYoungGen      total 28672K, used 4074K [0x00000000eab00000, 0x00000000ee300000, 0x0000000100000000)
  eden space 24576K, 0% used [0x00000000eab00000,0x00000000eab00000,0x00000000ec300000)
  from space 4096K, 99% used [0x00000000ec300000,0x00000000ec6faa60,0x00000000ec700000)
  to   space 4096K, 0% used [0x00000000edf00000,0x00000000edf00000,0x00000000ee300000)
 ParOldGen       total 65536K, used 739K [0x00000000c0000000, 0x00000000c4000000, 0x00000000eab00000)
  object space 65536K, 1% used [0x00000000c0000000,0x00000000c00b8ed8,0x00000000c4000000)
 Metaspace       used 5836K, capacity 6768K, committed 7040K, reserved 1056768K
  class space    used 600K, capacity 616K, committed 640K, reserved 1048576K
}
Event: 7.208 GC heap before
{Heap before GC invocations=2 (full 0):
 PSYoungGen      total 28672K, used 28650K [0x00000000eab00000, 0x00000000ee300000, 0x0000000100000000)
  eden space 24576K, 100% used [0x00000000eab00000,0x00000000ec300000,0x00000000ec300000)
  from space 4096K, 99% used [0x00000000ec300000,0x00000000ec6faa60,0x00000000ec700000)
  to   space 4096K, 0% used [0x00000000edf00000,0x00000000edf00000,0x00000000ee300000)
 ParOldGen       total 65536K, used 739K [0x00000000c0000000, 0x00000000c4000000, 0x00000000eab00000)
  object space 65536K, 1% used [0x00000000c0000000,0x00000000c00b8ed8,0x00000000c4000000)
 Metaspace       used 6088K, capacity 7024K, committed 7296K, reserved 1056768K
  class space    used 602K, capacity 616K, committed 640K, reserved 1048576K
Event: 8.302 GC heap after
Heap after GC invocations=2 (full 0):
 PSYoungGen      total 53248K, used 4079K [0x00000000eab00000, 0x00000000ee300000, 0x0000000100000000)
  eden space 49152K, 0% used [0x00000000eab00000,0x00000000eab00000,0x00000000edb00000)
  from space 4096K, 99% used [0x00000000edf00000,0x00000000ee2fbca0,0x00000000ee300000)
  to   space 4096K, 0% used [0x00000000edb00000,0x00000000edb00000,0x00000000edf00000)
 ParOldGen       total 65536K, used 3149K [0x00000000c0000000, 0x00000000c4000000, 0x00000000eab00000)
  object space 65536K, 4% used [0x00000000c0000000,0x00000000c0313730,0x00000000c4000000)
 Metaspace       used 6088K, capacity 7024K, committed 7296K, reserved 1056768K
  class space    used 602K, capacity 616K, committed 640K, reserved 1048576K
}
Event: 13.018 GC heap before
{Heap before GC invocations=3 (full 0):
 PSYoungGen      total 53248K, used 53231K [0x00000000eab00000, 0x00000000ee300000, 0x0000000100000000)
  eden space 49152K, 100% used [0x00000000eab00000,0x00000000edb00000,0x00000000edb00000)
  from space 4096K, 99% used [0x00000000edf00000,0x00000000ee2fbca0,0x00000000ee300000)
  to   space 4096K, 0% used [0x00000000edb00000,0x00000000edb00000,0x00000000edf00000)
 ParOldGen       total 65536K, used 3149K [0x00000000c0000000, 0x00000000c4000000, 0x00000000eab00000)
  object space 65536K, 4% used [0x00000000c0000000,0x00000000c0313730,0x00000000c4000000)
 Metaspace       used 6231K, capacity 7088K, committed 7296K, reserved 1056768K
  class space    used 603K, capacity 616K, committed 640K, reserved 1048576K
Event: 13.044 GC heap after
Heap after GC invocations=3 (full 0):
 PSYoungGen      total 53248K, used 4068K [0x00000000eab00000, 0x00000000f1300000, 0x0000000100000000)
  eden space 49152K, 0% used [0x00000000eab00000,0x00000000eab00000,0x00000000edb00000)
  from space 4096K, 99% used [0x00000000edb00000,0x00000000edef9250,0x00000000edf00000)
  to   space 4096K, 0% used [0x00000000f0f00000,0x00000000f0f00000,0x00000000f1300000)
 ParOldGen       total 65536K, used 10927K [0x00000000c0000000, 0x00000000c4000000, 0x00000000eab00000)
  object space 65536K, 16% used [0x00000000c0000000,0x00000000c0aabfb8,0x00000000c4000000)
 Metaspace       used 6231K, capacity 7088K, committed 7296K, reserved 1056768K
  class space    used 603K, capacity 616K, committed 640K, reserved 1048576K
}

Deoptimization events (10 events):
Event: 14.484 Thread 0x0000000016d0e800 Uncommon trap: reason=bimorphic action=maybe_recompile pc=0x000000000332fb7c method=com.android.dx.cf.code.BytecodeArray.parseInstruction(ILcom/android/dx/cf/code/BytecodeArray$Visitor;)I @ 939
Event: 14.845 Thread 0x0000000016d0e800 Uncommon trap: reason=unstable_if action=reinterpret pc=0x00000000031072e0 method=com.android.dx.ssa.LiteralOpUpgrader$1.visitNonMoveInsn(Lcom/android/dx/ssa/NormalSsaInsn;)V @ 55
Event: 14.848 Thread 0x0000000016d0e800 Uncommon trap: reason=unstable_if action=reinterpret pc=0x0000000002eff61c method=com.android.dx.ssa.SsaMethod.updateOneDefinition(Lcom/android/dx/ssa/SsaInsn;Lcom/android/dx/rop/code/RegisterSpec;)V @ 4
Event: 15.153 Thread 0x0000000016d0e800 Uncommon trap: reason=bimorphic action=maybe_recompile pc=0x000000000332fb7c method=com.android.dx.cf.code.BytecodeArray.parseInstruction(ILcom/android/dx/cf/code/BytecodeArray$Visitor;)I @ 939
Event: 15.153 Thread 0x0000000016d0e800 Uncommon trap: reason=bimorphic action=maybe_recompile pc=0x000000000332fb7c method=com.android.dx.cf.code.BytecodeArray.parseInstruction(ILcom/android/dx/cf/code/BytecodeArray$Visitor;)I @ 939
Event: 16.332 Thread 0x0000000016d09000 Uncommon trap: reason=bimorphic action=maybe_recompile pc=0x00000000033e4918 method=com.android.dx.cf.code.BytecodeArray.parseInstruction(ILcom/android/dx/cf/code/BytecodeArray$Visitor;)I @ 1130
Event: 16.332 Thread 0x0000000016d09000 Uncommon trap: reason=bimorphic action=maybe_recompile pc=0x00000000033e44bc method=com.android.dx.cf.code.BytecodeArray.parseInstruction(ILcom/android/dx/cf/code/BytecodeArray$Visitor;)I @ 971
Event: 16.333 Thread 0x0000000016d09000 Uncommon trap: reason=bimorphic action=maybe_recompile pc=0x00000000033e4548 method=com.android.dx.cf.code.BytecodeArray.parseInstruction(ILcom/android/dx/cf/code/BytecodeArray$Visitor;)I @ 987
Event: 16.333 Thread 0x0000000016d09000 Uncommon trap: reason=bimorphic action=maybe_recompile pc=0x00000000033e4430 method=com.android.dx.cf.code.BytecodeArray.parseInstruction(ILcom/android/dx/cf/code/BytecodeArray$Visitor;)I @ 955
Event: 16.333 Thread 0x0000000016d09000 Uncommon trap: reason=bimorphic action=maybe_recompile pc=0x00000000033e4430 method=com.android.dx.cf.code.BytecodeArray.parseInstruction(ILcom/android/dx/cf/code/BytecodeArray$Visitor;)I @ 955

Internal exceptions (3 events):
Event: 0.061 Thread 0x0000000002a50800 Exception <a 'java/lang/NoSuchMethodError': Method sun.misc.Unsafe.defineClass(Ljava/lang/String;[BII)Ljava/lang/Class; name or signature does not match> (0x00000000eab0d698) thrown at [C:\workspace\8-2-build-windows-amd64-cygwin\jdk8u65\4987\hotspot\src\sÎËÁ*lN¯?
Event: 0.061 Thread 0x0000000002a50800 Exception <a 'java/lang/NoSuchMethodError': Method sun.misc.Unsafe.prefetchRead(Ljava/lang/Object;J)V name or signature does not match> (0x00000000eab0d980) thrown at [C:\workspace\8-2-build-windows-amd64-cygwin\jdk8u65\4987\hotspot\src\share\vm\prims\jni.¦Ðò—…@
Event: 2.565 Thread 0x0000000016d09000 Implicit null exception at 0x0000000002e59482 to 0x0000000002e5b5f1

Events (10 events):
Event: 16.333 Thread 0x0000000016d09000 DEOPT UNPACKING pc=0x0000000002ba582a sp=0x00000000172aea38 mode 2
Event: 16.333 Thread 0x0000000016d09000 Uncommon trap: trap_request=0xffffffc6 fr.pc=0x00000000033e4430
Event: 16.333 Thread 0x0000000016d09000 DEOPT PACKING pc=0x00000000033e4430 sp=0x00000000172aea70
Event: 16.333 Thread 0x0000000016d09000 DEOPT UNPACKING pc=0x0000000002ba582a sp=0x00000000172aea38 mode 2
Event: 16.773 Thread 0x0000000016d0c800 DEOPT PACKING pc=0x0000000002fcf668 sp=0x00000000174ae9a0
Event: 16.773 Thread 0x0000000016d0c800 DEOPT UNPACKING pc=0x0000000002ba787f sp=0x00000000174ae7d0 mode 0
Event: 16.857 Thread 0x0000000016d0e800 DEOPT PACKING pc=0x0000000002fcf299 sp=0x00000000176ae970
Event: 16.857 Thread 0x0000000016d0e800 DEOPT UNPACKING pc=0x0000000002ba787f sp=0x00000000176ae7a0 mode 0
Event: 16.878 Thread 0x0000000016d09000 DEOPT PACKING pc=0x0000000002fdd486 sp=0x00000000172ae8f0
Event: 16.878 Thread 0x0000000016d09000 DEOPT UNPACKING pc=0x0000000002ba787f sp=0x00000000172ae730 mode 0


Dynamic libraries:
0x00007ff79edb0000 - 0x00007ff79ede7000 	C:\Program Files\Java\jdk1.8.0_65\bin\java.exe
0x00007fff9a640000 - 0x00007fff9a802000 	C:\WINDOWS\SYSTEM32\ntdll.dll
0x00007fff981e0000 - 0x00007fff9828d000 	C:\WINDOWS\system32\KERNEL32.DLL
0x00007fff97920000 - 0x00007fff97afd000 	C:\WINDOWS\system32\KERNELBASE.dll
0x00007fff98c40000 - 0x00007fff98ce6000 	C:\WINDOWS\system32\ADVAPI32.dll
0x00007fff983e0000 - 0x00007fff9847d000 	C:\WINDOWS\system32\msvcrt.dll
0x00007fff9a580000 - 0x00007fff9a5db000 	C:\WINDOWS\system32\sechost.dll
0x00007fff98480000 - 0x00007fff985a6000 	C:\WINDOWS\system32\RPCRT4.dll
0x00007fff9a3c0000 - 0x00007fff9a50e000 	C:\WINDOWS\system32\USER32.dll
0x00007fff98880000 - 0x00007fff98a06000 	C:\WINDOWS\system32\GDI32.dll
0x00007fff8d0e0000 - 0x00007fff8d354000 	C:\WINDOWS\WinSxS\amd64_microsoft.windows.common-controls_6595b64144ccf1df_6.0.10240.16384_none_f41f7b285750ef43\COMCTL32.dll
0x00007fff985b0000 - 0x00007fff985e6000 	C:\WINDOWS\system32\IMM32.DLL
0x00007fff98cf0000 - 0x00007fff98e4c000 	C:\WINDOWS\system32\MSCTF.dll
0x00000000660a0000 - 0x0000000066172000 	C:\Program Files\Java\jdk1.8.0_65\jre\bin\msvcr100.dll
0x00000000675a0000 - 0x0000000067e29000 	C:\Program Files\Java\jdk1.8.0_65\jre\bin\server\jvm.dll
0x00007fff98290000 - 0x00007fff98298000 	C:\WINDOWS\system32\PSAPI.DLL
0x00007fff83960000 - 0x00007fff83969000 	C:\WINDOWS\SYSTEM32\WSOCK32.dll
0x00007fff98a20000 - 0x00007fff98a89000 	C:\WINDOWS\system32\WS2_32.dll
0x00007fff985f0000 - 0x00007fff985f8000 	C:\WINDOWS\system32\NSI.dll
0x00007fff95310000 - 0x00007fff95333000 	C:\WINDOWS\SYSTEM32\WINMM.dll
0x00007fff95a90000 - 0x00007fff95a9a000 	C:\WINDOWS\SYSTEM32\VERSION.dll
0x00000000028c0000 - 0x00000000028ec000 	C:\WINDOWS\SYSTEM32\WINMMBASE.dll
0x00007fff977b0000 - 0x00007fff977f4000 	C:\WINDOWS\system32\cfgmgr32.dll
0x00007fff96e00000 - 0x00007fff96e27000 	C:\WINDOWS\SYSTEM32\DEVOBJ.dll
0x0000000067590000 - 0x000000006759f000 	C:\Program Files\Java\jdk1.8.0_65\jre\bin\verify.dll
0x0000000067560000 - 0x0000000067589000 	C:\Program Files\Java\jdk1.8.0_65\jre\bin\java.dll
0x0000000067540000 - 0x0000000067556000 	C:\Program Files\Java\jdk1.8.0_65\jre\bin\zip.dll
0x00007fff98e50000 - 0x00007fff9a3b8000 	C:\WINDOWS\system32\SHELL32.dll
0x00007fff97180000 - 0x00007fff977a8000 	C:\WINDOWS\system32\windows.storage.dll
0x00007fff98600000 - 0x00007fff9887c000 	C:\WINDOWS\system32\combase.dll
0x00007fff98180000 - 0x00007fff981d1000 	C:\WINDOWS\system32\shlwapi.dll
0x00007fff970c0000 - 0x00007fff970cf000 	C:\WINDOWS\system32\kernel.appcore.dll
0x00007fff97800000 - 0x00007fff978b3000 	C:\WINDOWS\system32\shcore.dll
0x00007fff97030000 - 0x00007fff9707a000 	C:\WINDOWS\system32\powrprof.dll
0x00007fff97080000 - 0x00007fff97093000 	C:\WINDOWS\system32\profapi.dll
0x00007fff98320000 - 0x00007fff983de000 	C:\WINDOWS\system32\OLEAUT32.dll

VM Arguments:
jvm_args: -Djava.awt.headless=true -Xmx1024M -Dfile.encoding=windows-1252 -Duser.country=US -Duser.language=en -Duser.variant 
java_command: com.android.dx.command.Main --dex --num-threads=4 --output C:\Users\admin\AndroidStudioProjects\pyschology\app\build\intermediates\pre-dexed\debug\com.android.support-appcompat-v7-23.2.0_b68228caafd566ec851f62743db2ec196ec349f2.jar C:\Users\admin\AndroidStudioProjects\pyschology\app\build\intermediates\exploded-aar\com.android.support\appcompat-v7\23.2.0\jars\classes.jar
java_class_path (initial): E:\admin\Documents\ssdk\build-tools\23.0.3\lib\dx.jar
Launcher Type: SUN_STANDARD

Environment Variables:
PATH=C:\Program Files (x86)\PC Connectivity Solution\;C:\ProgramData\Oracle\Java\javapath;C:\WINDOWS\system32;C:\WINDOWS;C:\WINDOWS\System32\Wbem;C:\WINDOWS\System32\WindowsPowerShell\v1.0\;C:\Program Files\Microsoft SQL Server\110\Tools\Binn\;C:\wamp\bin\php\php5.5.12;C:\ProgramData\ComposerSetup\bin;C:\Program Files (x86)\MySQL\MySQL Fabric 1.5 & MySQL Utilities 1.5\;C:\Program Files (x86)\MySQL\MySQL Fabric 1.5 & MySQL Utilities 1.5\Doctrine extensions for PHP\;C:\WINDOWS\system32\config\systemprofile\.dnx\bin;C:\Program Files\Microsoft DNX\Dnvm\;C:\Program Files (x86)\Skype\Phone\;C:\Program Files (x86)\Windows Kits\8.1\Windows Performance Toolkit\;C:\Program Files (x86)\Fuse\;C:\Users\admin\.dnx\bin
USERNAME=admin
OS=Windows_NT
PROCESSOR_IDENTIFIER=Intel64 Family 6 Model 69 Stepping 1, GenuineIntel



---------------  S Y S T E M  ---------------

OS: Windows 10.0 , 64 bit Build 10240 (10.0.10240.16384)

CPU:total 4 (2 cores per cpu, 2 threads per core) family 6 model 69 stepping 1, cmov, cx8, fxsr, mmx, sse, sse2, sse3, ssse3, sse4.1, sse4.2, popcnt, avx, avx2, aes, clmul, erms, lzcnt, ht, tsc, tscinvbit, bmi1, bmi2

Memory: 4k page, physical 6185324k(904752k free), swap 10281324k(10900k free)

vm_info: Java HotSpot(TM) 64-Bit Server VM (25.65-b01) for windows-amd64 JRE (1.8.0_65-b17), built on Oct  6 2015 16:39:20 by "java_re" with MS VC++ 10.0 (VS2010)

time: Thu Jun 02 11:26:59 2016
elapsed time: 18 seconds (0d 0h 0m 18s)

