#
# There is insufficient memory for the Java Runtime Environment to continue.
# Native memory allocation (malloc) failed to allocate 1265056 bytes for Chunk::new
# Possible reasons:
#   The system is out of physical RAM or swap space
#   In 32 bit mode, the process size limit was hit
# Possible solutions:
#   Reduce memory load on the system
#   Increase physical memory or swap space
#   Check if swap backing store is full
#   Use 64 bit Java on a 64 bit OS
#   Decrease Java heap size (-Xmx/-Xms)
#   Decrease number of Java threads
#   Decrease Java thread stack sizes (-Xss)
#   Set larger code cache with -XX:ReservedCodeCacheSize=
# This output file may be truncated or incomplete.
#
#  Out of Memory Error (allocation.cpp:390), pid=6184, tid=16348
#
# JRE version: Java(TM) SE Runtime Environment (8.0_65-b17) (build 1.8.0_65-b17)
# Java VM: Java HotSpot(TM) 64-Bit Server VM (25.65-b01 mixed mode windows-amd64 compressed oops)
# Failed to write core dump. Minidumps are not enabled by default on client versions of Windows
#

---------------  T H R E A D  ---------------

Current thread (0x00000000149e9800):  JavaThread "C2 CompilerThread0" daemon [_thread_in_native, id=16348, stack(0x0000000016040000,0x0000000016140000)]

Stack: [0x0000000016040000,0x0000000016140000]
[error occurred during error reporting (printing stack bounds), id 0xc0000005]

Native frames: (J=compiled Java code, j=interpreted, Vv=VM code, C=native code)


Current CompileTask:
C2:  17991 1836   !   4       com.android.dx.cf.code.Ropper::processBlock (1101 bytes)


---------------  P R O C E S S  ---------------

Java Threads: ( => current thread )
  0x00000000165d2000 JavaThread "pool-1-thread-4" [_thread_in_Java, id=15228, stack(0x0000000016d40000,0x0000000016e40000)]
  0x00000000165d1000 JavaThread "pool-1-thread-3" [_thread_in_Java, id=5704, stack(0x0000000016c40000,0x0000000016d40000)]
  0x00000000165cd000 JavaThread "pool-1-thread-2" [_thread_in_Java, id=1736, stack(0x0000000016b40000,0x0000000016c40000)]
  0x00000000165c2000 JavaThread "pool-2-thread-1" [_thread_blocked, id=10268, stack(0x0000000016a40000,0x0000000016b40000)]
  0x0000000016587000 JavaThread "pool-1-thread-1" [_thread_in_vm, id=2368, stack(0x0000000016940000,0x0000000016a40000)]
  0x0000000014a4e800 JavaThread "Service Thread" daemon [_thread_blocked, id=16240, stack(0x0000000016740000,0x0000000016840000)]
  0x00000000149f0000 JavaThread "C1 CompilerThread2" daemon [_thread_blocked, id=11296, stack(0x0000000016240000,0x0000000016340000)]
  0x00000000149ec800 JavaThread "C2 CompilerThread1" daemon [_thread_in_native, id=5900, stack(0x0000000016140000,0x0000000016240000)]
=>0x00000000149e9800 JavaThread "C2 CompilerThread0" daemon [_thread_in_native, id=16348, stack(0x0000000016040000,0x0000000016140000)]
  0x00000000149f7800 JavaThread "Attach Listener" daemon [_thread_blocked, id=6788, stack(0x0000000015f40000,0x0000000016040000)]
  0x00000000149f6000 JavaThread "Signal Dispatcher" daemon [_thread_blocked, id=7728, stack(0x0000000015e40000,0x0000000015f40000)]
  0x00000000022e7000 JavaThread "Finalizer" daemon [_thread_blocked, id=13536, stack(0x0000000015c50000,0x0000000015d50000)]
  0x00000000022dd000 JavaThread "Reference Handler" daemon [_thread_blocked, id=13424, stack(0x0000000015b50000,0x0000000015c50000)]
  0x00000000021f0800 JavaThread "main" [_thread_in_Java, id=8708, stack(0x00000000020f0000,0x00000000021f0000)]

Other Threads:
  0x00000000149b8000 VMThread [stack: 0x0000000015a50000,0x0000000015b50000] [id=11336]
  0x0000000016372000 WatcherThread [stack: 0x0000000016840000,0x0000000016940000] [id=10072]

VM state:synchronizing (normal execution)

VM Mutex/Monitor currently owned by a thread:  ([mutex/lock_event])
[0x00000000020ec800] Safepoint_lock - owner thread: 0x00000000149b8000
[0x00000000020ec180] Threads_lock - owner thread: 0x00000000149b8000

Heap:
 PSYoungGen      total 102400K, used 26128K [0x00000000eab00000, 0x00000000f1300000, 0x0000000100000000)
  eden space 98304K, 22% used [0x00000000eab00000,0x00000000ec089698,0x00000000f0b00000)
  from space 4096K, 99% used [0x00000000f0f00000,0x00000000f12fac00,0x00000000f1300000)
  to   space 4096K, 0% used [0x00000000f0b00000,0x00000000f0b00000,0x00000000f0f00000)
 ParOldGen       total 65536K, used 18830K [0x00000000c0000000, 0x00000000c4000000, 0x00000000eab00000)
  object space 65536K, 28% used [0x00000000c0000000,0x00000000c1263b58,0x00000000c4000000)
 Metaspace       used 6346K, capacity 7192K, committed 7424K, reserved 1056768K
  class space    used 624K, capacity 656K, committed 768K, reserved 1048576K

Card table byte_map: [0x00000000116c0000,0x00000000118d0000] byte_map_base: 0x00000000110c0000

Marking Bits: (ParMarkBitMap*) 0x0000000067daa5b0
 Begin Bits: [0x0000000011e30000, 0x0000000012e30000)
 End Bits:   [0x0000000012e30000, 0x0000000013e30000)

Polling page: 0x0000000000970000

CodeCache: size=245760Kb used=8165Kb max_used=8199Kb free=237594Kb
 bounds [0x0000000002300000, 0x0000000002b10000, 0x0000000011300000]
 total_blobs=2034 nmethods=1765 adapters=182
 compilation: enabled

Compilation events (10 events):
Event: 17.269 Thread 0x00000000149f0000 1847       2       com.android.dx.dex.code.RopTranslator$LocalVariableAwareTranslationVisitor::visitThrowingInsn (11 bytes)
Event: 17.270 Thread 0x00000000149f0000 nmethod 1847 0x0000000002ab8210 code [0x0000000002ab83c0, 0x0000000002ab87d8]
Event: 17.279 Thread 0x00000000149f0000 1849       2       com.android.dx.ssa.LocalVariableExtractor::processBlock (383 bytes)
Event: 17.283 Thread 0x00000000149f0000 nmethod 1849 0x0000000002ae1650 code [0x0000000002ae19c0, 0x0000000002ae2bb8]
Event: 17.283 Thread 0x00000000149f0000 1850       2       com.android.dx.ssa.LocalVariableInfo::mutableCopyOfStarts (29 bytes)
Event: 17.284 Thread 0x00000000149f0000 nmethod 1850 0x0000000002abd090 code [0x0000000002abd220, 0x0000000002abd5b8]
Event: 17.427 Thread 0x00000000149f0000 1851       2       com.android.dx.rop.cst.CstLiteral32::getLongBits (6 bytes)
Event: 17.427 Thread 0x00000000149f0000 nmethod 1851 0x0000000002abcd50 code [0x0000000002abcea0, 0x0000000002abcff0]
Event: 17.629 Thread 0x00000000149ec800 nmethod 1835 0x0000000002aebe90 code [0x0000000002aec580, 0x0000000002af1ee8]
Event: 17.631 Thread 0x00000000149ec800 1848   !   4       com.android.dx.cf.code.BytecodeArray::parseInstruction (2764 bytes)

GC Heap History (8 events):
Event: 2.552 GC heap before
{Heap before GC invocations=1 (full 0):
 PSYoungGen      total 28672K, used 24576K [0x00000000eab00000, 0x00000000ecb00000, 0x0000000100000000)
  eden space 24576K, 100% used [0x00000000eab00000,0x00000000ec300000,0x00000000ec300000)
  from space 4096K, 0% used [0x00000000ec700000,0x00000000ec700000,0x00000000ecb00000)
  to   space 4096K, 0% used [0x00000000ec300000,0x00000000ec300000,0x00000000ec700000)
 ParOldGen       total 65536K, used 0K [0x00000000c0000000, 0x00000000c4000000, 0x00000000eab00000)
  object space 65536K, 0% used [0x00000000c0000000,0x00000000c0000000,0x00000000c4000000)
 Metaspace       used 5907K, capacity 6832K, committed 7040K, reserved 1056768K
  class space    used 599K, capacity 616K, committed 640K, reserved 1048576K
Event: 2.617 GC heap after
Heap after GC invocations=1 (full 0):
 PSYoungGen      total 28672K, used 4067K [0x00000000eab00000, 0x00000000ee300000, 0x0000000100000000)
  eden space 24576K, 0% used [0x00000000eab00000,0x00000000eab00000,0x00000000ec300000)
  from space 4096K, 99% used [0x00000000ec300000,0x00000000ec6f8e60,0x00000000ec700000)
  to   space 4096K, 0% used [0x00000000edf00000,0x00000000edf00000,0x00000000ee300000)
 ParOldGen       total 65536K, used 1252K [0x00000000c0000000, 0x00000000c4000000, 0x00000000eab00000)
  object space 65536K, 1% used [0x00000000c0000000,0x00000000c01390b8,0x00000000c4000000)
 Metaspace       used 5907K, capacity 6832K, committed 7040K, reserved 1056768K
  class space    used 599K, capacity 616K, committed 640K, reserved 1048576K
}
Event: 5.339 GC heap before
{Heap before GC invocations=2 (full 0):
 PSYoungGen      total 28672K, used 28643K [0x00000000eab00000, 0x00000000ee300000, 0x0000000100000000)
  eden space 24576K, 100% used [0x00000000eab00000,0x00000000ec300000,0x00000000ec300000)
  from space 4096K, 99% used [0x00000000ec300000,0x00000000ec6f8e60,0x00000000ec700000)
  to   space 4096K, 0% used [0x00000000edf00000,0x00000000edf00000,0x00000000ee300000)
 ParOldGen       total 65536K, used 1252K [0x00000000c0000000, 0x00000000c4000000, 0x00000000eab00000)
  object space 65536K, 1% used [0x00000000c0000000,0x00000000c01390b8,0x00000000c4000000)
 Metaspace       used 6092K, capacity 7024K, committed 7296K, reserved 1056768K
  class space    used 600K, capacity 616K, committed 640K, reserved 1048576K
Event: 5.542 GC heap after
Heap after GC invocations=2 (full 0):
 PSYoungGen      total 53248K, used 4079K [0x00000000eab00000, 0x00000000ee300000, 0x0000000100000000)
  eden space 49152K, 0% used [0x00000000eab00000,0x00000000eab00000,0x00000000edb00000)
  from space 4096K, 99% used [0x00000000edf00000,0x00000000ee2fbf30,0x00000000ee300000)
  to   space 4096K, 0% used [0x00000000edb00000,0x00000000edb00000,0x00000000edf00000)
 ParOldGen       total 65536K, used 4520K [0x00000000c0000000, 0x00000000c4000000, 0x00000000eab00000)
  object space 65536K, 6% used [0x00000000c0000000,0x00000000c046a1d8,0x00000000c4000000)
 Metaspace       used 6092K, capacity 7024K, committed 7296K, reserved 1056768K
  class space    used 600K, capacity 616K, committed 640K, reserved 1048576K
}
Event: 9.115 GC heap before
{Heap before GC invocations=3 (full 0):
 PSYoungGen      total 53248K, used 53231K [0x00000000eab00000, 0x00000000ee300000, 0x0000000100000000)
  eden space 49152K, 100% used [0x00000000eab00000,0x00000000edb00000,0x00000000edb00000)
  from space 4096K, 99% used [0x00000000edf00000,0x00000000ee2fbf30,0x00000000ee300000)
  to   space 4096K, 0% used [0x00000000edb00000,0x00000000edb00000,0x00000000edf00000)
 ParOldGen       total 65536K, used 4520K [0x00000000c0000000, 0x00000000c4000000, 0x00000000eab00000)
  object space 65536K, 6% used [0x00000000c0000000,0x00000000c046a1d8,0x00000000c4000000)
 Metaspace       used 6314K, capacity 7128K, committed 7424K, reserved 1056768K
  class space    used 624K, capacity 656K, committed 768K, reserved 1048576K
Event: 10.037 GC heap after
Heap after GC invocations=3 (full 0):
 PSYoungGen      total 53248K, used 4066K [0x00000000eab00000, 0x00000000f1300000, 0x0000000100000000)
  eden space 49152K, 0% used [0x00000000eab00000,0x00000000eab00000,0x00000000edb00000)
  from space 4096K, 99% used [0x00000000edb00000,0x00000000edef8810,0x00000000edf00000)
  to   space 4096K, 0% used [0x00000000f0f00000,0x00000000f0f00000,0x00000000f1300000)
 ParOldGen       total 65536K, used 11787K [0x00000000c0000000, 0x00000000c4000000, 0x00000000eab00000)
  object space 65536K, 17% used [0x00000000c0000000,0x00000000c0b82cc0,0x00000000c4000000)
 Metaspace       used 6314K, capacity 7128K, committed 7424K, reserved 1056768K
  class space    used 624K, capacity 656K, committed 768K, reserved 1048576K
}
Event: 16.084 GC heap before
{Heap before GC invocations=4 (full 0):
 PSYoungGen      total 53248K, used 53218K [0x00000000eab00000, 0x00000000f1300000, 0x0000000100000000)
  eden space 49152K, 100% used [0x00000000eab00000,0x00000000edb00000,0x00000000edb00000)
  from space 4096K, 99% used [0x00000000edb00000,0x00000000edef8810,0x00000000edf00000)
  to   space 4096K, 0% used [0x00000000f0f00000,0x00000000f0f00000,0x00000000f1300000)
 ParOldGen       total 65536K, used 11787K [0x00000000c0000000, 0x00000000c4000000, 0x00000000eab00000)
  object space 65536K, 17% used [0x00000000c0000000,0x00000000c0b82cc0,0x00000000c4000000)
 Metaspace       used 6344K, capacity 7192K, committed 7424K, reserved 1056768K
  class space    used 624K, capacity 656K, committed 768K, reserved 1048576K
Event: 16.958 GC heap after
Heap after GC invocations=4 (full 0):
 PSYoungGen      total 102400K, used 4075K [0x00000000eab00000, 0x00000000f1300000, 0x0000000100000000)
  eden space 98304K, 0% used [0x00000000eab00000,0x00000000eab00000,0x00000000f0b00000)
  from space 4096K, 99% used [0x00000000f0f00000,0x00000000f12fac00,0x00000000f1300000)
  to   space 4096K, 0% used [0x00000000f0b00000,0x00000000f0b00000,0x00000000f0f00000)
 ParOldGen       total 65536K, used 18830K [0x00000000c0000000, 0x00000000c4000000, 0x00000000eab00000)
  object space 65536K, 28% used [0x00000000c0000000,0x00000000c1263b58,0x00000000c4000000)
 Metaspace       used 6344K, capacity 7192K, committed 7424K, reserved 1056768K
  class space    used 624K, capacity 656K, committed 768K, reserved 1048576K
}

Deoptimization events (10 events):
Event: 10.480 Thread 0x00000000021f0800 Uncommon trap: reason=bimorphic action=maybe_recompile pc=0x0000000002825c5c method=com.android.dx.ssa.LiteralOpUpgrader.tryReplacingWithConstant(Lcom/android/dx/ssa/NormalSsaInsn;)Z @ 52
Event: 10.481 Thread 0x00000000021f0800 Uncommon trap: reason=bimorphic action=maybe_recompile pc=0x0000000002825c5c method=com.android.dx.ssa.LiteralOpUpgrader.tryReplacingWithConstant(Lcom/android/dx/ssa/NormalSsaInsn;)Z @ 52
Event: 11.590 Thread 0x00000000165cd000 Uncommon trap: reason=bimorphic action=maybe_recompile pc=0x0000000002818238 method=com.android.dx.ssa.LiteralOpUpgrader.tryReplacingWithConstant(Lcom/android/dx/ssa/NormalSsaInsn;)Z @ 52
Event: 11.628 Thread 0x00000000165cd000 Uncommon trap: reason=unstable_if action=reinterpret pc=0x0000000002994b20 method=java.util.HashMap.resize()[Ljava/util/HashMap$Node; @ 206
Event: 12.923 Thread 0x0000000016587000 Uncommon trap: reason=unstable_if action=reinterpret pc=0x0000000002a8be3c method=java.util.HashMap.putVal(ILjava/lang/Object;Ljava/lang/Object;ZZ)Ljava/lang/Object; @ 109
Event: 12.969 Thread 0x00000000021f0800 Uncommon trap: reason=unstable_if action=reinterpret pc=0x00000000029f895c method=com.android.dx.rop.code.LocalVariableInfo.mergeStarts(ILcom/android/dx/rop/code/RegisterSpecSet;)Z @ 31
Event: 17.268 Thread 0x00000000165cd000 Uncommon trap: reason=bimorphic action=maybe_recompile pc=0x0000000002a2e81c method=com.android.dx.cf.code.BytecodeArray.parseInstruction(ILcom/android/dx/cf/code/BytecodeArray$Visitor;)I @ 2484
Event: 17.268 Thread 0x00000000165cd000 Uncommon trap: reason=bimorphic action=maybe_recompile pc=0x0000000002a2e81c method=com.android.dx.cf.code.BytecodeArray.parseInstruction(ILcom/android/dx/cf/code/BytecodeArray$Visitor;)I @ 2484
Event: 17.277 Thread 0x00000000165cd000 Uncommon trap: reason=unstable_if action=reinterpret pc=0x0000000002957cc8 method=com.android.dx.ssa.LocalVariableExtractor.processBlock(I)V @ 251
Event: 17.297 Thread 0x0000000016587000 Uncommon trap: reason=class_check action=maybe_recompile pc=0x0000000002a75f28 method=com.android.dx.cf.code.RopperMachine.run(Lcom/android/dx/cf/code/Frame;II)V @ 1024

Internal exceptions (7 events):
Event: 0.058 Thread 0x00000000021f0800 Exception <a 'java/lang/NoSuchMethodError': Method sun.misc.Unsafe.defineClass(Ljava/lang/String;[BII)Ljava/lang/Class; name or signature does not match> (0x00000000eab0d6a0) thrown at [C:\workspace\8-2-build-windows-amd64-cygwin\jdk8u65\4987\hotspot\src\s,9\ê­?
Event: 0.058 Thread 0x00000000021f0800 Exception <a 'java/lang/NoSuchMethodError': Method sun.misc.Unsafe.prefetchRead(Ljava/lang/Object;J)V name or signature does not match> (0x00000000eab0d988) thrown at [C:\workspace\8-2-build-windows-amd64-cygwin\jdk8u65\4987\hotspot\src\share\vm\prims\jni.81teŒÌ@
Event: 5.200 Thread 0x00000000165d1000 Implicit null exception at 0x00000000025bf4b6 to 0x00000000025c0da9
Event: 5.575 Thread 0x00000000021f0800 Implicit null exception at 0x00000000025b68ee to 0x00000000025b7f59
Event: 8.231 Thread 0x0000000016587000 Exception <a 'java/lang/ArrayIndexOutOfBoundsException': 18> (0x00000000ecfed900) thrown at [C:\workspace\8-2-build-windows-amd64-cygwin\jdk8u65\4987\hotspot\src\share\vm\interpreter\interpreterRuntime.cpp, line 366]
Event: 8.232 Thread 0x0000000016587000 Exception <a 'java/lang/ArrayIndexOutOfBoundsException'> (0x00000000ecfef480) thrown at [C:\workspace\8-2-build-windows-amd64-cygwin\jdk8u65\4987\hotspot\src\share\vm\runtime\sharedRuntime.cpp, line 605]
Event: 8.242 Thread 0x0000000016587000 Exception <a 'java/lang/ArrayIndexOutOfBoundsException'> (0x00000000ecff0768) thrown at [C:\workspace\8-2-build-windows-amd64-cygwin\jdk8u65\4987\hotspot\src\share\vm\runtime\sharedRuntime.cpp, line 605]

Events (10 events):
Event: 17.268 Thread 0x00000000165cd000 DEOPT UNPACKING pc=0x000000000234582a sp=0x0000000016c3eba8 mode 2
Event: 17.268 Thread 0x00000000165cd000 Uncommon trap: trap_request=0xffffffc6 fr.pc=0x0000000002a2e81c
Event: 17.268 Thread 0x00000000165cd000 DEOPT PACKING pc=0x0000000002a2e81c sp=0x0000000016c3ea30
Event: 17.268 Thread 0x00000000165cd000 DEOPT UNPACKING pc=0x000000000234582a sp=0x0000000016c3ea08 mode 2
Event: 17.277 Thread 0x00000000165cd000 Uncommon trap: trap_request=0xffffff65 fr.pc=0x0000000002957cc8
Event: 17.277 Thread 0x00000000165cd000 DEOPT PACKING pc=0x0000000002957cc8 sp=0x0000000016c3ee50
Event: 17.277 Thread 0x00000000165cd000 DEOPT UNPACKING pc=0x000000000234582a sp=0x0000000016c3edf0 mode 2
Event: 17.297 Thread 0x0000000016587000 Uncommon trap: trap_request=0xffffffde fr.pc=0x0000000002a75f28
Event: 17.297 Thread 0x0000000016587000 DEOPT PACKING pc=0x0000000002a75f28 sp=0x0000000016a3e460
Event: 17.297 Thread 0x0000000016587000 DEOPT UNPACKING pc=0x000000000234582a sp=0x0000000016a3e418 mode 2


Dynamic libraries:
0x00007ff79edb0000 - 0x00007ff79ede7000 	C:\Program Files\Java\jdk1.8.0_65\bin\java.exe
0x00007fff9a640000 - 0x00007fff9a802000 	C:\WINDOWS\SYSTEM32\ntdll.dll
0x00007fff981e0000 - 0x00007fff9828d000 	C:\WINDOWS\system32\KERNEL32.DLL
0x00007fff97920000 - 0x00007fff97afd000 	C:\WINDOWS\system32\KERNELBASE.dll
0x00007fff98c40000 - 0x00007fff98ce6000 	C:\WINDOWS\system32\ADVAPI32.dll
0x00007fff983e0000 - 0x00007fff9847d000 	C:\WINDOWS\system32\msvcrt.dll
0x00007fff9a580000 - 0x00007fff9a5db000 	C:\WINDOWS\system32\sechost.dll
0x00007fff98480000 - 0x00007fff985a6000 	C:\WINDOWS\system32\RPCRT4.dll
0x00007fff9a3c0000 - 0x00007fff9a50e000 	C:\WINDOWS\system32\USER32.dll
0x00007fff98880000 - 0x00007fff98a06000 	C:\WINDOWS\system32\GDI32.dll
0x00007fff8d0e0000 - 0x00007fff8d354000 	C:\WINDOWS\WinSxS\amd64_microsoft.windows.common-controls_6595b64144ccf1df_6.0.10240.16384_none_f41f7b285750ef43\COMCTL32.dll
0x00007fff985b0000 - 0x00007fff985e6000 	C:\WINDOWS\system32\IMM32.DLL
0x00007fff98cf0000 - 0x00007fff98e4c000 	C:\WINDOWS\system32\MSCTF.dll
0x00000000660a0000 - 0x0000000066172000 	C:\Program Files\Java\jdk1.8.0_65\jre\bin\msvcr100.dll
0x00000000675a0000 - 0x0000000067e29000 	C:\Program Files\Java\jdk1.8.0_65\jre\bin\server\jvm.dll
0x00007fff98290000 - 0x00007fff98298000 	C:\WINDOWS\system32\PSAPI.DLL
0x00007fff83960000 - 0x00007fff83969000 	C:\WINDOWS\SYSTEM32\WSOCK32.dll
0x00007fff98a20000 - 0x00007fff98a89000 	C:\WINDOWS\system32\WS2_32.dll
0x00007fff985f0000 - 0x00007fff985f8000 	C:\WINDOWS\system32\NSI.dll
0x00007fff95310000 - 0x00007fff95333000 	C:\WINDOWS\SYSTEM32\WINMM.dll
0x00007fff95a90000 - 0x00007fff95a9a000 	C:\WINDOWS\SYSTEM32\VERSION.dll
0x00007fff952b0000 - 0x00007fff952dc000 	C:\WINDOWS\SYSTEM32\WINMMBASE.dll
0x00007fff977b0000 - 0x00007fff977f4000 	C:\WINDOWS\system32\cfgmgr32.dll
0x00007fff96e00000 - 0x00007fff96e27000 	C:\WINDOWS\SYSTEM32\DEVOBJ.dll
0x0000000067590000 - 0x000000006759f000 	C:\Program Files\Java\jdk1.8.0_65\jre\bin\verify.dll
0x0000000067560000 - 0x0000000067589000 	C:\Program Files\Java\jdk1.8.0_65\jre\bin\java.dll
0x0000000067540000 - 0x0000000067556000 	C:\Program Files\Java\jdk1.8.0_65\jre\bin\zip.dll
0x00007fff98e50000 - 0x00007fff9a3b8000 	C:\WINDOWS\system32\SHELL32.dll
0x00007fff97180000 - 0x00007fff977a8000 	C:\WINDOWS\system32\windows.storage.dll
0x00007fff98600000 - 0x00007fff9887c000 	C:\WINDOWS\system32\combase.dll
0x00007fff98180000 - 0x00007fff981d1000 	C:\WINDOWS\system32\shlwapi.dll
0x00007fff970c0000 - 0x00007fff970cf000 	C:\WINDOWS\system32\kernel.appcore.dll
0x00007fff97800000 - 0x00007fff978b3000 	C:\WINDOWS\system32\shcore.dll
0x00007fff97030000 - 0x00007fff9707a000 	C:\WINDOWS\system32\powrprof.dll
0x00007fff97080000 - 0x00007fff97093000 	C:\WINDOWS\system32\profapi.dll
0x00007fff98320000 - 0x00007fff983de000 	C:\WINDOWS\system32\OLEAUT32.dll

VM Arguments:
jvm_args: -Djava.awt.headless=true -Xmx1024M -Dfile.encoding=windows-1252 -Duser.country=US -Duser.language=en -Duser.variant 
java_command: com.android.dx.command.Main --dex --num-threads=4 --output C:\Users\admin\AndroidStudioProjects\pyschology\app\build\intermediates\pre-dexed\debug\com.android.support-recyclerview-v7-23.2.0_207dc972f9a27cc5b92c720479516a526966f147.jar C:\Users\admin\AndroidStudioProjects\pyschology\app\build\intermediates\exploded-aar\com.android.support\recyclerview-v7\23.2.0\jars\classes.jar
java_class_path (initial): E:\admin\Documents\ssdk\build-tools\23.0.3\lib\dx.jar
Launcher Type: SUN_STANDARD

Environment Variables:
PATH=C:\Program Files (x86)\PC Connectivity Solution\;C:\ProgramData\Oracle\Java\javapath;C:\WINDOWS\system32;C:\WINDOWS;C:\WINDOWS\System32\Wbem;C:\WINDOWS\System32\WindowsPowerShell\v1.0\;C:\Program Files\Microsoft SQL Server\110\Tools\Binn\;C:\wamp\bin\php\php5.5.12;C:\ProgramData\ComposerSetup\bin;C:\Program Files (x86)\MySQL\MySQL Fabric 1.5 & MySQL Utilities 1.5\;C:\Program Files (x86)\MySQL\MySQL Fabric 1.5 & MySQL Utilities 1.5\Doctrine extensions for PHP\;C:\WINDOWS\system32\config\systemprofile\.dnx\bin;C:\Program Files\Microsoft DNX\Dnvm\;C:\Program Files (x86)\Skype\Phone\;C:\Program Files (x86)\Windows Kits\8.1\Windows Performance Toolkit\;C:\Program Files (x86)\Fuse\;C:\Users\admin\.dnx\bin
USERNAME=admin
OS=Windows_NT
PROCESSOR_IDENTIFIER=Intel64 Family 6 Model 69 Stepping 1, GenuineIntel



---------------  S Y S T E M  ---------------

OS: Windows 10.0 , 64 bit Build 10240 (10.0.10240.16384)

CPU:total 4 (2 cores per cpu, 2 threads per core) family 6 model 69 stepping 1, cmov, cx8, fxsr, mmx, sse, sse2, sse3, ssse3, sse4.1, sse4.2, popcnt, avx, avx2, aes, clmul, erms, lzcnt, ht, tsc, tscinvbit, bmi1, bmi2

Memory: 4k page, physical 6185324k(902256k free), swap 10281324k(5588k free)

vm_info: Java HotSpot(TM) 64-Bit Server VM (25.65-b01) for windows-amd64 JRE (1.8.0_65-b17), built on Oct  6 2015 16:39:20 by "java_re" with MS VC++ 10.0 (VS2010)

time: Thu Jun 02 11:26:59 2016
elapsed time: 17 seconds (0d 0h 0m 17s)

