#
# There is insufficient memory for the Java Runtime Environment to continue.
# Native memory allocation (malloc) failed to allocate 911936 bytes for Chunk::new
# Possible reasons:
#   The system is out of physical RAM or swap space
#   In 32 bit mode, the process size limit was hit
# Possible solutions:
#   Reduce memory load on the system
#   Increase physical memory or swap space
#   Check if swap backing store is full
#   Use 64 bit Java on a 64 bit OS
#   Decrease Java heap size (-Xmx/-Xms)
#   Decrease number of Java threads
#   Decrease Java thread stack sizes (-Xss)
#   Set larger code cache with -XX:ReservedCodeCacheSize=
# This output file may be truncated or incomplete.
#
#  Out of Memory Error (allocation.cpp:390), pid=5644, tid=1832
#
# JRE version: Java(TM) SE Runtime Environment (8.0_65-b17) (build 1.8.0_65-b17)
# Java VM: Java HotSpot(TM) 64-Bit Server VM (25.65-b01 mixed mode windows-amd64 compressed oops)
# Failed to write core dump. Minidumps are not enabled by default on client versions of Windows
#

---------------  T H R E A D  ---------------

Current thread (0x00000000151ea000):  JavaThread "C2 CompilerThread0" daemon [_thread_in_native, id=1832, stack(0x0000000016820000,0x0000000016920000)]

Stack: [0x0000000016820000,0x0000000016920000]
[error occurred during error reporting (printing stack bounds), id 0xc0000005]

Native frames: (J=compiled Java code, j=interpreted, Vv=VM code, C=native code)


Current CompileTask:
C2:  13811 2215       4       com.android.dx.dex.code.DalvCode::finishProcessingIfNecessary (69 bytes)


---------------  P R O C E S S  ---------------

Java Threads: ( => current thread )
  0x0000000016b26800 JavaThread "Service Thread" daemon [_thread_blocked, id=10016, stack(0x0000000016f20000,0x0000000017020000)]
  0x000000001524d000 JavaThread "C1 CompilerThread2" daemon [_thread_blocked, id=15364, stack(0x0000000016a20000,0x0000000016b20000)]
  0x00000000151f1800 JavaThread "C2 CompilerThread1" daemon [_thread_blocked, id=6952, stack(0x0000000016920000,0x0000000016a20000)]
=>0x00000000151ea000 JavaThread "C2 CompilerThread0" daemon [_thread_in_native, id=1832, stack(0x0000000016820000,0x0000000016920000)]
  0x00000000151e8000 JavaThread "Attach Listener" daemon [_thread_blocked, id=6288, stack(0x0000000016720000,0x0000000016820000)]
  0x00000000151e7000 JavaThread "Signal Dispatcher" daemon [_thread_blocked, id=16008, stack(0x0000000016620000,0x0000000016720000)]
  0x0000000002b11000 JavaThread "Finalizer" daemon [_thread_blocked, id=15904, stack(0x0000000016440000,0x0000000016540000)]
  0x0000000002b0e000 JavaThread "Reference Handler" daemon [_thread_blocked, id=14976, stack(0x0000000016340000,0x0000000016440000)]
  0x0000000002a22800 JavaThread "main" [_thread_in_native, id=15652, stack(0x0000000002810000,0x0000000002910000)]

Other Threads:
  0x00000000151b8000 VMThread [stack: 0x0000000016240000,0x0000000016340000] [id=6756]
  0x0000000016b2b000 WatcherThread [stack: 0x0000000017020000,0x0000000017120000] [id=12244]

VM state:not at safepoint (normal execution)

VM Mutex/Monitor currently owned by a thread: None

Heap:
 PSYoungGen      total 53248K, used 24750K [0x00000000eab00000, 0x00000000ee300000, 0x0000000100000000)
  eden space 49152K, 42% used [0x00000000eab00000,0x00000000ebf2e058,0x00000000edb00000)
  from space 4096K, 99% used [0x00000000edf00000,0x00000000ee2fd900,0x00000000ee300000)
  to   space 4096K, 0% used [0x00000000edb00000,0x00000000edb00000,0x00000000edf00000)
 ParOldGen       total 65536K, used 11676K [0x00000000c0000000, 0x00000000c4000000, 0x00000000eab00000)
  object space 65536K, 17% used [0x00000000c0000000,0x00000000c0b672c8,0x00000000c4000000)
 Metaspace       used 7025K, capacity 7608K, committed 7936K, reserved 1056768K
  class space    used 663K, capacity 688K, committed 768K, reserved 1048576K

Card table byte_map: [0x0000000011ee0000,0x00000000120f0000] byte_map_base: 0x00000000118e0000

Marking Bits: (ParMarkBitMap*) 0x0000000069f9a5b0
 Begin Bits: [0x0000000012650000, 0x0000000013650000)
 End Bits:   [0x0000000013650000, 0x0000000014650000)

Polling page: 0x00000000009f0000

CodeCache: size=245760Kb used=9322Kb max_used=9335Kb free=236437Kb
 bounds [0x0000000002b20000, 0x0000000003450000, 0x0000000011b20000]
 total_blobs=2493 nmethods=2217 adapters=189
 compilation: enabled

Compilation events (10 events):
Event: 13.507 Thread 0x000000001524d000 2240       3       com.android.dx.util.ByteArrayAnnotatedOutput::write (61 bytes)
Event: 13.507 Thread 0x000000001524d000 nmethod 2240 0x000000000341d410 code [0x000000000341d5c0, 0x000000000341da88]
Event: 13.510 Thread 0x000000001524d000 2241       3       com.android.dx.util.ByteArrayAnnotatedOutput::write (9 bytes)
Event: 13.510 Thread 0x000000001524d000 nmethod 2241 0x000000000341dc90 code [0x000000000341de00, 0x000000000341e028]
Event: 13.510 Thread 0x000000001524d000 2242       3       com.android.dx.dex.file.DebugInfoItem::writeTo0 (58 bytes)
Event: 13.513 Thread 0x000000001524d000 nmethod 2242 0x000000000341e110 code [0x000000000341e460, 0x000000000341ffe8]
Event: 13.513 Thread 0x000000001524d000 2243       3       com.android.dx.util.ByteArrayAnnotatedOutput::write (129 bytes)
Event: 13.514 Thread 0x000000001524d000 nmethod 2243 0x0000000003420f90 code [0x0000000003421220, 0x0000000003422268]
Event: 13.516 Thread 0x000000001524d000 2244       1       com.android.dx.rop.annotation.Annotation::getVisibility (5 bytes)
Event: 13.516 Thread 0x000000001524d000 nmethod 2244 0x0000000003422ad0 code [0x0000000003422c20, 0x0000000003422d30]

GC Heap History (8 events):
Event: 7.402 GC heap before
{Heap before GC invocations=1 (full 0):
 PSYoungGen      total 28672K, used 24576K [0x00000000eab00000, 0x00000000ecb00000, 0x0000000100000000)
  eden space 24576K, 100% used [0x00000000eab00000,0x00000000ec300000,0x00000000ec300000)
  from space 4096K, 0% used [0x00000000ec700000,0x00000000ec700000,0x00000000ecb00000)
  to   space 4096K, 0% used [0x00000000ec300000,0x00000000ec300000,0x00000000ec700000)
 ParOldGen       total 65536K, used 0K [0x00000000c0000000, 0x00000000c4000000, 0x00000000eab00000)
  object space 65536K, 0% used [0x00000000c0000000,0x00000000c0000000,0x00000000c4000000)
 Metaspace       used 5949K, capacity 6896K, committed 7040K, reserved 1056768K
  class space    used 601K, capacity 616K, committed 640K, reserved 1048576K
Event: 7.411 GC heap after
Heap after GC invocations=1 (full 0):
 PSYoungGen      total 28672K, used 4088K [0x00000000eab00000, 0x00000000ecb00000, 0x0000000100000000)
  eden space 24576K, 0% used [0x00000000eab00000,0x00000000eab00000,0x00000000ec300000)
  from space 4096K, 99% used [0x00000000ec300000,0x00000000ec6fe2a8,0x00000000ec700000)
  to   space 4096K, 0% used [0x00000000ec700000,0x00000000ec700000,0x00000000ecb00000)
 ParOldGen       total 65536K, used 937K [0x00000000c0000000, 0x00000000c4000000, 0x00000000eab00000)
  object space 65536K, 1% used [0x00000000c0000000,0x00000000c00ea698,0x00000000c4000000)
 Metaspace       used 5949K, capacity 6896K, committed 7040K, reserved 1056768K
  class space    used 601K, capacity 616K, committed 640K, reserved 1048576K
}
Event: 8.867 GC heap before
{Heap before GC invocations=2 (full 0):
 PSYoungGen      total 28672K, used 28664K [0x00000000eab00000, 0x00000000ecb00000, 0x0000000100000000)
  eden space 24576K, 100% used [0x00000000eab00000,0x00000000ec300000,0x00000000ec300000)
  from space 4096K, 99% used [0x00000000ec300000,0x00000000ec6fe2a8,0x00000000ec700000)
  to   space 4096K, 0% used [0x00000000ec700000,0x00000000ec700000,0x00000000ecb00000)
 ParOldGen       total 65536K, used 937K [0x00000000c0000000, 0x00000000c4000000, 0x00000000eab00000)
  object space 65536K, 1% used [0x00000000c0000000,0x00000000c00ea698,0x00000000c4000000)
 Metaspace       used 6177K, capacity 7088K, committed 7296K, reserved 1056768K
  class space    used 601K, capacity 616K, committed 640K, reserved 1048576K
Event: 8.894 GC heap after
Heap after GC invocations=2 (full 0):
 PSYoungGen      total 28672K, used 4064K [0x00000000eab00000, 0x00000000ecb00000, 0x0000000100000000)
  eden space 24576K, 0% used [0x00000000eab00000,0x00000000eab00000,0x00000000ec300000)
  from space 4096K, 99% used [0x00000000ec700000,0x00000000ecaf8198,0x00000000ecb00000)
  to   space 4096K, 0% used [0x00000000ec300000,0x00000000ec300000,0x00000000ec700000)
 ParOldGen       total 65536K, used 3871K [0x00000000c0000000, 0x00000000c4000000, 0x00000000eab00000)
  object space 65536K, 5% used [0x00000000c0000000,0x00000000c03c7ef8,0x00000000c4000000)
 Metaspace       used 6177K, capacity 7088K, committed 7296K, reserved 1056768K
  class space    used 601K, capacity 616K, committed 640K, reserved 1048576K
}
Event: 9.371 GC heap before
{Heap before GC invocations=3 (full 0):
 PSYoungGen      total 28672K, used 28640K [0x00000000eab00000, 0x00000000ecb00000, 0x0000000100000000)
  eden space 24576K, 100% used [0x00000000eab00000,0x00000000ec300000,0x00000000ec300000)
  from space 4096K, 99% used [0x00000000ec700000,0x00000000ecaf8198,0x00000000ecb00000)
  to   space 4096K, 0% used [0x00000000ec300000,0x00000000ec300000,0x00000000ec700000)
 ParOldGen       total 65536K, used 3871K [0x00000000c0000000, 0x00000000c4000000, 0x00000000eab00000)
  object space 65536K, 5% used [0x00000000c0000000,0x00000000c03c7ef8,0x00000000c4000000)
 Metaspace       used 6217K, capacity 7088K, committed 7296K, reserved 1056768K
  class space    used 602K, capacity 616K, committed 640K, reserved 1048576K
Event: 9.407 GC heap after
Heap after GC invocations=3 (full 0):
 PSYoungGen      total 28672K, used 4087K [0x00000000eab00000, 0x00000000ee300000, 0x0000000100000000)
  eden space 24576K, 0% used [0x00000000eab00000,0x00000000eab00000,0x00000000ec300000)
  from space 4096K, 99% used [0x00000000ec300000,0x00000000ec6fdf80,0x00000000ec700000)
  to   space 4096K, 0% used [0x00000000edf00000,0x00000000edf00000,0x00000000ee300000)
 ParOldGen       total 65536K, used 7674K [0x00000000c0000000, 0x00000000c4000000, 0x00000000eab00000)
  object space 65536K, 11% used [0x00000000c0000000,0x00000000c077ea10,0x00000000c4000000)
 Metaspace       used 6217K, capacity 7088K, committed 7296K, reserved 1056768K
  class space    used 602K, capacity 616K, committed 640K, reserved 1048576K
}
Event: 9.884 GC heap before
{Heap before GC invocations=4 (full 0):
 PSYoungGen      total 28672K, used 28663K [0x00000000eab00000, 0x00000000ee300000, 0x0000000100000000)
  eden space 24576K, 100% used [0x00000000eab00000,0x00000000ec300000,0x00000000ec300000)
  from space 4096K, 99% used [0x00000000ec300000,0x00000000ec6fdf80,0x00000000ec700000)
  to   space 4096K, 0% used [0x00000000edf00000,0x00000000edf00000,0x00000000ee300000)
 ParOldGen       total 65536K, used 7674K [0x00000000c0000000, 0x00000000c4000000, 0x00000000eab00000)
  object space 65536K, 11% used [0x00000000c0000000,0x00000000c077ea10,0x00000000c4000000)
 Metaspace       used 6269K, capacity 7152K, committed 7296K, reserved 1056768K
  class space    used 602K, capacity 616K, committed 640K, reserved 1048576K
Event: 10.014 GC heap after
Heap after GC invocations=4 (full 0):
 PSYoungGen      total 53248K, used 4086K [0x00000000eab00000, 0x00000000ee300000, 0x0000000100000000)
  eden space 49152K, 0% used [0x00000000eab00000,0x00000000eab00000,0x00000000edb00000)
  from space 4096K, 99% used [0x00000000edf00000,0x00000000ee2fd900,0x00000000ee300000)
  to   space 4096K, 0% used [0x00000000edb00000,0x00000000edb00000,0x00000000edf00000)
 ParOldGen       total 65536K, used 11676K [0x00000000c0000000, 0x00000000c4000000, 0x00000000eab00000)
  object space 65536K, 17% used [0x00000000c0000000,0x00000000c0b672c8,0x00000000c4000000)
 Metaspace       used 6269K, capacity 7152K, committed 7296K, reserved 1056768K
  class space    used 602K, capacity 616K, committed 640K, reserved 1048576K
}

Deoptimization events (10 events):
Event: 12.280 Thread 0x0000000002a22800 Uncommon trap: reason=speculate_class_check action=maybe_recompile pc=0x0000000002f46020 method=com.android.dx.util.FixedSizeList.equals(Ljava/lang/Object;)Z @ 25
Event: 12.280 Thread 0x0000000002a22800 Uncommon trap: reason=class_check action=maybe_recompile pc=0x0000000002f25b44 method=java.util.Arrays.equals([Ljava/lang/Object;[Ljava/lang/Object;)Z @ 62
Event: 12.280 Thread 0x0000000002a22800 Uncommon trap: reason=speculate_class_check action=maybe_recompile pc=0x0000000002f46020 method=com.android.dx.util.FixedSizeList.equals(Ljava/lang/Object;)Z @ 25
Event: 12.280 Thread 0x0000000002a22800 Uncommon trap: reason=class_check action=maybe_recompile pc=0x0000000002f25b44 method=java.util.Arrays.equals([Ljava/lang/Object;[Ljava/lang/Object;)Z @ 62
Event: 12.654 Thread 0x0000000002a22800 Uncommon trap: reason=unstable_if action=reinterpret pc=0x00000000032afb6c method=java.util.TreeMap.put(Ljava/lang/Object;Ljava/lang/Object;)Ljava/lang/Object; @ 163
Event: 12.686 Thread 0x0000000002a22800 Uncommon trap: reason=unstable_if action=reinterpret pc=0x000000000330cde4 method=java.util.ArrayList.<init>(I)V @ 5
Event: 13.231 Thread 0x0000000002a22800 Uncommon trap: reason=unstable_if action=reinterpret pc=0x0000000002dca5bc method=java.lang.Long.numberOfTrailingZeros(J)I @ 3
Event: 13.382 Thread 0x0000000002a22800 Uncommon trap: reason=unstable_if action=reinterpret pc=0x0000000003395e84 method=com.android.dx.util.ByteArrayAnnotatedOutput.writeByte(I)V @ 13
Event: 13.500 Thread 0x0000000002a22800 Uncommon trap: reason=unstable_if action=reinterpret pc=0x00000000033aec7c method=com.android.dx.util.ByteArrayAnnotatedOutput.writeUleb128(I)I @ 4
Event: 13.500 Thread 0x0000000002a22800 Uncommon trap: reason=unstable_if action=reinterpret pc=0x00000000033abe8c method=com.android.dx.util.ByteArrayAnnotatedOutput.writeByte(I)V @ 13

Internal exceptions (4 events):
Event: 2.050 Thread 0x0000000002a22800 Exception <a 'java/lang/NoSuchMethodError': Method sun.misc.Unsafe.defineClass(Ljava/lang/String;[BII)Ljava/lang/Class; name or signature does not match> (0x00000000eab0d7d0) thrown at [C:\workspace\8-2-build-windows-amd64-cygwin\jdk8u65\4987\hotspot\src\se*@»	g
Event: 2.050 Thread 0x0000000002a22800 Exception <a 'java/lang/NoSuchMethodError': Method sun.misc.Unsafe.prefetchRead(Ljava/lang/Object;J)V name or signature does not match> (0x00000000eab0dab8) thrown at [C:\workspace\8-2-build-windows-amd64-cygwin\jdk8u65\4987\hotspot\src\share\vm\prims\jni.é…nñh˜@
Event: 7.399 Thread 0x0000000016d9e800 Implicit null exception at 0x0000000002e3ab6e to 0x0000000002e3c54d
Event: 8.047 Thread 0x0000000016deb000 Implicit null exception at 0x0000000002fa20e2 to 0x0000000002fa21da

Events (10 events):
Event: 13.525 loading class sun/security/jca/GetInstance done
Event: 13.525 loading class sun/security/jca/Providers
Event: 13.525 loading class sun/security/jca/Providers done
Event: 13.525 loading class java/lang/InheritableThreadLocal
Event: 13.525 loading class java/lang/InheritableThreadLocal done
Event: 13.525 loading class sun/security/jca/ProviderList
Event: 13.525 loading class sun/security/jca/ProviderList done
Event: 13.525 loading class sun/security/jca/ProviderConfig
Event: 13.526 loading class sun/security/jca/ProviderConfig done
Event: 13.526 loading class java/security/Provider


Dynamic libraries:
0x00007ff770ae0000 - 0x00007ff770b17000 	C:\Program Files\Java\jdk1.8.0_65\bin\java.exe
0x00007ffa1e5d0000 - 0x00007ffa1e791000 	C:\WINDOWS\SYSTEM32\ntdll.dll
0x00007ffa1d190000 - 0x00007ffa1d23d000 	C:\WINDOWS\system32\KERNEL32.DLL
0x00007ffa1b670000 - 0x00007ffa1b858000 	C:\WINDOWS\system32\KERNELBASE.dll
0x00007ffa1da50000 - 0x00007ffa1daf7000 	C:\WINDOWS\system32\ADVAPI32.dll
0x00007ffa1d640000 - 0x00007ffa1d6dd000 	C:\WINDOWS\system32\msvcrt.dll
0x00007ffa1dc00000 - 0x00007ffa1dc5b000 	C:\WINDOWS\system32\sechost.dll
0x00007ffa1e4a0000 - 0x00007ffa1e5bc000 	C:\WINDOWS\system32\RPCRT4.dll
0x00007ffa1cff0000 - 0x00007ffa1d146000 	C:\WINDOWS\system32\USER32.dll
0x00007ffa1d240000 - 0x00007ffa1d3c6000 	C:\WINDOWS\system32\GDI32.dll
0x00007ffa0c6b0000 - 0x00007ffa0c924000 	C:\WINDOWS\WinSxS\amd64_microsoft.windows.common-controls_6595b64144ccf1df_6.0.10586.0_none_8c15ae12515e1c22\COMCTL32.dll
0x00007ffa1e220000 - 0x00007ffa1e49d000 	C:\WINDOWS\system32\combase.dll
0x00007ffa1b960000 - 0x00007ffa1b9ca000 	C:\WINDOWS\system32\bcryptPrimitives.dll
0x00007ffa1d150000 - 0x00007ffa1d18b000 	C:\WINDOWS\system32\IMM32.DLL
0x000000006b580000 - 0x000000006b652000 	C:\Program Files\Java\jdk1.8.0_65\jre\bin\msvcr100.dll
0x0000000069790000 - 0x000000006a019000 	C:\Program Files\Java\jdk1.8.0_65\jre\bin\server\jvm.dll
0x00007ffa1dbf0000 - 0x00007ffa1dbf8000 	C:\WINDOWS\system32\PSAPI.DLL
0x00007ffa0a750000 - 0x00007ffa0a759000 	C:\WINDOWS\SYSTEM32\WSOCK32.dll
0x00007ffa1db80000 - 0x00007ffa1dbeb000 	C:\WINDOWS\system32\WS2_32.dll
0x00007ffa194c0000 - 0x00007ffa194e3000 	C:\WINDOWS\SYSTEM32\WINMM.dll
0x00007ffa0c9a0000 - 0x00007ffa0c9aa000 	C:\WINDOWS\SYSTEM32\VERSION.dll
0x00007ffa19490000 - 0x00007ffa194bc000 	C:\WINDOWS\SYSTEM32\WINMMBASE.dll
0x00007ffa1b910000 - 0x00007ffa1b953000 	C:\WINDOWS\system32\cfgmgr32.dll
0x0000000069780000 - 0x000000006978f000 	C:\Program Files\Java\jdk1.8.0_65\jre\bin\verify.dll
0x0000000069750000 - 0x0000000069779000 	C:\Program Files\Java\jdk1.8.0_65\jre\bin\java.dll
0x0000000069730000 - 0x0000000069746000 	C:\Program Files\Java\jdk1.8.0_65\jre\bin\zip.dll
0x00007ffa1ba30000 - 0x00007ffa1cf8c000 	C:\WINDOWS\system32\SHELL32.dll
0x00007ffa1ac80000 - 0x00007ffa1b2c4000 	C:\WINDOWS\system32\windows.storage.dll
0x00007ffa1b9d0000 - 0x00007ffa1ba22000 	C:\WINDOWS\system32\shlwapi.dll
0x00007ffa1abf0000 - 0x00007ffa1abff000 	C:\WINDOWS\system32\kernel.appcore.dll
0x00007ffa1b3e0000 - 0x00007ffa1b495000 	C:\WINDOWS\system32\shcore.dll
0x00007ffa1ac00000 - 0x00007ffa1ac4b000 	C:\WINDOWS\system32\powrprof.dll
0x00007ffa1ac50000 - 0x00007ffa1ac64000 	C:\WINDOWS\system32\profapi.dll

VM Arguments:
jvm_args: -Djava.awt.headless=true -Xmx1024M -Dfile.encoding=windows-1252 -Duser.country=US -Duser.language=en -Duser.variant 
java_command: com.android.dx.command.Main --dex --num-threads=4 --output C:\Users\admin\AndroidStudioProjects\pyschology\app\build\intermediates\pre-dexed\debug\com.android.support-design-23.0.1_f8a88aecffdda099edd8e30003286f5c192b2001.jar C:\Users\admin\AndroidStudioProjects\pyschology\app\build\intermediates\exploded-aar\com.android.support\design\23.0.1\jars\classes.jar
java_class_path (initial): E:\admin\Documents\ssdk\sdk\build-tools\23.0.3\lib\dx.jar
Launcher Type: SUN_STANDARD

Environment Variables:
PATH=C:\Program Files (x86)\PC Connectivity Solution\;C:\ProgramData\Oracle\Java\javapath;C:\WINDOWS\system32;C:\WINDOWS;C:\WINDOWS\System32\Wbem;C:\WINDOWS\System32\WindowsPowerShell\v1.0\;C:\Program Files\Microsoft SQL Server\110\Tools\Binn\;C:\wamp\bin\php\php5.5.12;C:\Program Files (x86)\MySQL\MySQL Fabric 1.5 & MySQL Utilities 1.5\;C:\Program Files (x86)\MySQL\MySQL Fabric 1.5 & MySQL Utilities 1.5\Doctrine extensions for PHP\;C:\Users\admin\.dnx\bin;C:\Program Files\Microsoft DNX\Dnvm\;C:\Program Files (x86)\Skype\Phone\;C:\Program Files (x86)\Windows Kits\8.1\Windows Performance Toolkit\;C:\Program Files (x86)\Fuse\;C:\Program Files\nodejs\;C:\Program Files\Git\cmd;C:\HashiCorp\Vagrant\bin;C:\wamp64\bin\php\php5.6.16;C:\ProgramData\ComposerSetup\bin;C:\Users\admin\.dnx\bin;C:\Users\admin\AppData\Roaming\npm;C:\Users\admin\AppData\Roaming\Composer\vendor\bin
USERNAME=admin
OS=Windows_NT
PROCESSOR_IDENTIFIER=Intel64 Family 6 Model 69 Stepping 1, GenuineIntel



---------------  S Y S T E M  ---------------

OS: Windows 10.0 , 64 bit Build 10586 (10.0.10586.0)

CPU:total 4 (2 cores per cpu, 2 threads per core) family 6 model 69 stepping 1, cmov, cx8, fxsr, mmx, sse, sse2, sse3, ssse3, sse4.1, sse4.2, popcnt, avx, avx2, aes, clmul, erms, lzcnt, ht, tsc, tscinvbit, bmi1, bmi2

Memory: 4k page, physical 6185324k(549244k free), swap 10281324k(80808k free)

vm_info: Java HotSpot(TM) 64-Bit Server VM (25.65-b01) for windows-amd64 JRE (1.8.0_65-b17), built on Oct  6 2015 16:39:20 by "java_re" with MS VC++ 10.0 (VS2010)

time: Tue Jul 05 11:01:23 2016
elapsed time: 13 seconds (0d 0h 0m 13s)

