#
# There is insufficient memory for the Java Runtime Environment to continue.
# Native memory allocation (malloc) failed to allocate 72944 bytes for Chunk::new
# Possible reasons:
#   The system is out of physical RAM or swap space
#   In 32 bit mode, the process size limit was hit
# Possible solutions:
#   Reduce memory load on the system
#   Increase physical memory or swap space
#   Check if swap backing store is full
#   Use 64 bit Java on a 64 bit OS
#   Decrease Java heap size (-Xmx/-Xms)
#   Decrease number of Java threads
#   Decrease Java thread stack sizes (-Xss)
#   Set larger code cache with -XX:ReservedCodeCacheSize=
# This output file may be truncated or incomplete.
#
#  Out of Memory Error (allocation.cpp:390), pid=4256, tid=9964
#
# JRE version: Java(TM) SE Runtime Environment (8.0_65-b17) (build 1.8.0_65-b17)
# Java VM: Java HotSpot(TM) 64-Bit Server VM (25.65-b01 mixed mode windows-amd64 compressed oops)
# Failed to write core dump. Minidumps are not enabled by default on client versions of Windows
#

---------------  T H R E A D  ---------------

Current thread (0x0000000014b0d000):  JavaThread "C2 CompilerThread0" daemon [_thread_in_native, id=9964, stack(0x0000000016150000,0x0000000016250000)]

Stack: [0x0000000016150000,0x0000000016250000]
[error occurred during error reporting (printing stack bounds), id 0xc0000005]

Native frames: (J=compiled Java code, j=interpreted, Vv=VM code, C=native code)


Current CompileTask:
C2:   9585 1885       4       com.android.dx.cf.code.Simulator$SimVisitor::visitConstant (332 bytes)


---------------  P R O C E S S  ---------------

Java Threads: ( => current thread )
  0x00000000167e9800 JavaThread "pool-1-thread-4" [_thread_blocked, id=13012, stack(0x0000000017650000,0x0000000017750000)]
  0x00000000167e9000 JavaThread "pool-1-thread-3" [_thread_in_vm, id=11380, stack(0x0000000017550000,0x0000000017650000)]
  0x00000000167e8000 JavaThread "pool-1-thread-2" [_thread_blocked, id=15844, stack(0x0000000017450000,0x0000000017550000)]
  0x00000000166a7000 JavaThread "pool-2-thread-1" [_thread_blocked, id=16076, stack(0x0000000017350000,0x0000000017450000)]
  0x00000000166a6000 JavaThread "pool-1-thread-1" [_thread_blocked, id=14136, stack(0x0000000017250000,0x0000000017350000)]
  0x000000001645d800 JavaThread "Service Thread" daemon [_thread_blocked, id=12568, stack(0x0000000016850000,0x0000000016950000)]
  0x0000000014b6c000 JavaThread "C1 CompilerThread2" daemon [_thread_blocked, id=14588, stack(0x0000000016350000,0x0000000016450000)]
  0x0000000014b10000 JavaThread "C2 CompilerThread1" daemon [_thread_in_native, id=11728, stack(0x0000000016250000,0x0000000016350000)]
=>0x0000000014b0d000 JavaThread "C2 CompilerThread0" daemon [_thread_in_native, id=9964, stack(0x0000000016150000,0x0000000016250000)]
  0x0000000014b0b000 JavaThread "Attach Listener" daemon [_thread_blocked, id=11416, stack(0x0000000016050000,0x0000000016150000)]
  0x0000000014b09800 JavaThread "Signal Dispatcher" daemon [_thread_blocked, id=9484, stack(0x0000000015f50000,0x0000000016050000)]
  0x0000000002410800 JavaThread "Finalizer" daemon [_thread_blocked, id=6132, stack(0x0000000015d70000,0x0000000015e70000)]
  0x000000000240d000 JavaThread "Reference Handler" daemon [_thread_blocked, id=7140, stack(0x0000000015c70000,0x0000000015d70000)]
  0x0000000002320800 JavaThread "main" [_thread_in_vm, id=7736, stack(0x00000000021e0000,0x00000000022e0000)]

Other Threads:
  0x0000000014ad8000 VMThread [stack: 0x0000000015b70000,0x0000000015c70000] [id=11528]
  0x0000000016471800 WatcherThread [stack: 0x0000000016950000,0x0000000016a50000] [id=12336]

VM state:not at safepoint (normal execution)

VM Mutex/Monitor currently owned by a thread: None

Heap:
 PSYoungGen      total 53248K, used 15910K [0x00000000eab00000, 0x00000000ee300000, 0x0000000100000000)
  eden space 49152K, 24% used [0x00000000eab00000,0x00000000eb691b60,0x00000000edb00000)
  from space 4096K, 99% used [0x00000000edb00000,0x00000000edef8010,0x00000000edf00000)
  to   space 4096K, 0% used [0x00000000edf00000,0x00000000edf00000,0x00000000ee300000)
 ParOldGen       total 65536K, used 10545K [0x00000000c0000000, 0x00000000c4000000, 0x00000000eab00000)
  object space 65536K, 16% used [0x00000000c0000000,0x00000000c0a4c4a8,0x00000000c4000000)
 Metaspace       used 6388K, capacity 7216K, committed 7296K, reserved 1056768K
  class space    used 603K, capacity 616K, committed 640K, reserved 1048576K

Card table byte_map: [0x00000000117e0000,0x00000000119f0000] byte_map_base: 0x00000000111e0000

Marking Bits: (ParMarkBitMap*) 0x0000000067daa5b0
 Begin Bits: [0x0000000011f50000, 0x0000000012f50000)
 End Bits:   [0x0000000012f50000, 0x0000000013f50000)

Polling page: 0x0000000000680000

CodeCache: size=245760Kb used=8328Kb max_used=8340Kb free=237431Kb
 bounds [0x0000000002420000, 0x0000000002c60000, 0x0000000011420000]
 total_blobs=2137 nmethods=1867 adapters=182
 compilation: enabled

Compilation events (10 events):
Event: 9.454 Thread 0x0000000014b0d000 nmethod 1884 0x0000000002c1d790 code [0x0000000002c1d8e0, 0x0000000002c1dbe8]
Event: 9.455 Thread 0x0000000014b0d000 1885       4       com.android.dx.cf.code.Simulator$SimVisitor::visitConstant (332 bytes)
Event: 9.508 Thread 0x0000000014b10000 nmethod 1881 0x0000000002c4a910 code [0x0000000002c4ac20, 0x0000000002c4d520]
Event: 9.511 Thread 0x0000000014b10000 1886       4       com.android.dx.cf.code.Ropper::addBlock (37 bytes)
Event: 9.525 Thread 0x0000000014b10000 nmethod 1886 0x0000000002c17fd0 code [0x0000000002c18140, 0x0000000002c18818]
Event: 9.533 Thread 0x0000000014b10000 1887   !   4       com.android.dx.cf.direct.AttributeFactory::parse (248 bytes)
Event: 9.546 Thread 0x0000000014b10000 nmethod 1887 0x0000000002c3ba90 code [0x0000000002c3bc20, 0x0000000002c3c518]
Event: 9.547 Thread 0x0000000014b10000 1888       4       com.android.dx.cf.code.ByteBlock::<init> (181 bytes)
Event: 9.552 Thread 0x0000000014b10000 nmethod 1888 0x0000000002c3cd90 code [0x0000000002c3cee0, 0x0000000002c3d178]
Event: 9.555 Thread 0x0000000014b10000 1889   !   4       com.android.dx.cf.code.Ropper::processBlock (1101 bytes)

GC Heap History (6 events):
Event: 2.619 GC heap before
{Heap before GC invocations=1 (full 0):
 PSYoungGen      total 28672K, used 24576K [0x00000000eab00000, 0x00000000ecb00000, 0x0000000100000000)
  eden space 24576K, 100% used [0x00000000eab00000,0x00000000ec300000,0x00000000ec300000)
  from space 4096K, 0% used [0x00000000ec700000,0x00000000ec700000,0x00000000ecb00000)
  to   space 4096K, 0% used [0x00000000ec300000,0x00000000ec300000,0x00000000ec700000)
 ParOldGen       total 65536K, used 0K [0x00000000c0000000, 0x00000000c4000000, 0x00000000eab00000)
  object space 65536K, 0% used [0x00000000c0000000,0x00000000c0000000,0x00000000c4000000)
 Metaspace       used 5826K, capacity 6768K, committed 7040K, reserved 1056768K
  class space    used 595K, capacity 616K, committed 640K, reserved 1048576K
Event: 2.763 GC heap after
Heap after GC invocations=1 (full 0):
 PSYoungGen      total 28672K, used 4080K [0x00000000eab00000, 0x00000000ee300000, 0x0000000100000000)
  eden space 24576K, 0% used [0x00000000eab00000,0x00000000eab00000,0x00000000ec300000)
  from space 4096K, 99% used [0x00000000ec300000,0x00000000ec6fc030,0x00000000ec700000)
  to   space 4096K, 0% used [0x00000000edf00000,0x00000000edf00000,0x00000000ee300000)
 ParOldGen       total 65536K, used 438K [0x00000000c0000000, 0x00000000c4000000, 0x00000000eab00000)
  object space 65536K, 0% used [0x00000000c0000000,0x00000000c006d9f0,0x00000000c4000000)
 Metaspace       used 5826K, capacity 6768K, committed 7040K, reserved 1056768K
  class space    used 595K, capacity 616K, committed 640K, reserved 1048576K
}
Event: 4.341 GC heap before
{Heap before GC invocations=2 (full 0):
 PSYoungGen      total 28672K, used 28656K [0x00000000eab00000, 0x00000000ee300000, 0x0000000100000000)
  eden space 24576K, 100% used [0x00000000eab00000,0x00000000ec300000,0x00000000ec300000)
  from space 4096K, 99% used [0x00000000ec300000,0x00000000ec6fc030,0x00000000ec700000)
  to   space 4096K, 0% used [0x00000000edf00000,0x00000000edf00000,0x00000000ee300000)
 ParOldGen       total 65536K, used 438K [0x00000000c0000000, 0x00000000c4000000, 0x00000000eab00000)
  object space 65536K, 0% used [0x00000000c0000000,0x00000000c006d9f0,0x00000000c4000000)
 Metaspace       used 6160K, capacity 7088K, committed 7296K, reserved 1056768K
  class space    used 601K, capacity 616K, committed 640K, reserved 1048576K
Event: 4.362 GC heap after
Heap after GC invocations=2 (full 0):
 PSYoungGen      total 53248K, used 4090K [0x00000000eab00000, 0x00000000ee300000, 0x0000000100000000)
  eden space 49152K, 0% used [0x00000000eab00000,0x00000000eab00000,0x00000000edb00000)
  from space 4096K, 99% used [0x00000000edf00000,0x00000000ee2feac8,0x00000000ee300000)
  to   space 4096K, 0% used [0x00000000edb00000,0x00000000edb00000,0x00000000edf00000)
 ParOldGen       total 65536K, used 2735K [0x00000000c0000000, 0x00000000c4000000, 0x00000000eab00000)
  object space 65536K, 4% used [0x00000000c0000000,0x00000000c02abdc0,0x00000000c4000000)
 Metaspace       used 6160K, capacity 7088K, committed 7296K, reserved 1056768K
  class space    used 601K, capacity 616K, committed 640K, reserved 1048576K
}
Event: 8.640 GC heap before
{Heap before GC invocations=3 (full 0):
 PSYoungGen      total 53248K, used 53242K [0x00000000eab00000, 0x00000000ee300000, 0x0000000100000000)
  eden space 49152K, 100% used [0x00000000eab00000,0x00000000edb00000,0x00000000edb00000)
  from space 4096K, 99% used [0x00000000edf00000,0x00000000ee2feac8,0x00000000ee300000)
  to   space 4096K, 0% used [0x00000000edb00000,0x00000000edb00000,0x00000000edf00000)
 ParOldGen       total 65536K, used 2735K [0x00000000c0000000, 0x00000000c4000000, 0x00000000eab00000)
  object space 65536K, 4% used [0x00000000c0000000,0x00000000c02abdc0,0x00000000c4000000)
 Metaspace       used 6372K, capacity 7152K, committed 7296K, reserved 1056768K
  class space    used 602K, capacity 616K, committed 640K, reserved 1048576K
Event: 8.856 GC heap after
Heap after GC invocations=3 (full 0):
 PSYoungGen      total 53248K, used 4064K [0x00000000eab00000, 0x00000000ee300000, 0x0000000100000000)
  eden space 49152K, 0% used [0x00000000eab00000,0x00000000eab00000,0x00000000edb00000)
  from space 4096K, 99% used [0x00000000edb00000,0x00000000edef8010,0x00000000edf00000)
  to   space 4096K, 0% used [0x00000000edf00000,0x00000000edf00000,0x00000000ee300000)
 ParOldGen       total 65536K, used 10545K [0x00000000c0000000, 0x00000000c4000000, 0x00000000eab00000)
  object space 65536K, 16% used [0x00000000c0000000,0x00000000c0a4c4a8,0x00000000c4000000)
 Metaspace       used 6372K, capacity 7152K, committed 7296K, reserved 1056768K
  class space    used 602K, capacity 616K, committed 640K, reserved 1048576K
}

Deoptimization events (10 events):
Event: 6.333 Thread 0x00000000166a6000 Uncommon trap: reason=unstable_if action=reinterpret pc=0x00000000027a74e0 method=com.android.dx.rop.code.RegisterSpecSet.<init>(I)V @ 2
Event: 7.199 Thread 0x00000000167e9000 Uncommon trap: reason=bimorphic action=maybe_recompile pc=0x0000000002b55028 method=com.android.dx.cf.code.RopperMachine.run(Lcom/android/dx/cf/code/Frame;II)V @ 988
Event: 7.261 Thread 0x00000000167e9000 Uncommon trap: reason=null_check action=make_not_entrant pc=0x0000000002a3f1c8 method=com.android.dx.ssa.SsaRenamer.getLocalForNewReg(I)Lcom/android/dx/rop/code/LocalItem; @ 19
Event: 7.320 Thread 0x00000000167e9000 Uncommon trap: reason=unstable_if action=reinterpret pc=0x00000000029caa04 method=com.android.dx.ssa.SCCP.simulateBranch(Lcom/android/dx/ssa/SsaInsn;)V @ 64
Event: 7.374 Thread 0x00000000167e9000 Uncommon trap: reason=unloaded action=reinterpret pc=0x0000000002910f88 method=com.android.dx.ssa.LiteralOpUpgrader$1.visitNonMoveInsn(Lcom/android/dx/ssa/NormalSsaInsn;)V @ 72
Event: 7.375 Thread 0x00000000167e9000 Uncommon trap: reason=unstable_if action=reinterpret pc=0x0000000002779e5c method=com.android.dx.ssa.SsaMethod.updateOneDefinition(Lcom/android/dx/ssa/SsaInsn;Lcom/android/dx/rop/code/RegisterSpec;)V @ 4
Event: 7.390 Thread 0x00000000167e9000 Uncommon trap: reason=bimorphic action=maybe_recompile pc=0x0000000002a77f18 method=com.android.dx.ssa.SCCP.setLatticeValueTo(IILcom/android/dx/rop/cst/Constant;)Z @ 43
Event: 7.390 Thread 0x00000000167e9000 Uncommon trap: reason=bimorphic action=maybe_recompile pc=0x0000000002a77f18 method=com.android.dx.ssa.SCCP.setLatticeValueTo(IILcom/android/dx/rop/cst/Constant;)Z @ 43
Event: 7.390 Thread 0x00000000167e9000 Uncommon trap: reason=bimorphic action=maybe_recompile pc=0x0000000002a77f18 method=com.android.dx.ssa.SCCP.setLatticeValueTo(IILcom/android/dx/rop/cst/Constant;)Z @ 43
Event: 7.390 Thread 0x00000000167e9000 Uncommon trap: reason=bimorphic action=maybe_recompile pc=0x0000000002a77f18 method=com.android.dx.ssa.SCCP.setLatticeValueTo(IILcom/android/dx/rop/cst/Constant;)Z @ 43

Internal exceptions (3 events):
Event: 0.124 Thread 0x0000000002320800 Exception <a 'java/lang/NoSuchMethodError': Method sun.misc.Unsafe.defineClass(Ljava/lang/String;[BII)Ljava/lang/Class; name or signature does not match> (0x00000000eab0d690) thrown at [C:\workspace\8-2-build-windows-amd64-cygwin\jdk8u65\4987\hotspot\src\sÁù‘Ã—ø?
Event: 0.124 Thread 0x0000000002320800 Exception <a 'java/lang/NoSuchMethodError': Method sun.misc.Unsafe.prefetchRead(Ljava/lang/Object;J)V name or signature does not match> (0x00000000eab0d978) thrown at [C:\workspace\8-2-build-windows-amd64-cygwin\jdk8u65\4987\hotspot\src\share\vm\prims\jni.÷ÕÙ+Ç@
Event: 7.261 Thread 0x00000000167e9000 Implicit null exception at 0x0000000002a3c1c6 to 0x0000000002a3f18d

Events (10 events):
Event: 7.390 Thread 0x00000000167e9000 DEOPT UNPACKING pc=0x000000000246582a sp=0x000000001764ebc8 mode 2
Event: 7.390 Thread 0x00000000167e9000 Uncommon trap: trap_request=0xffffffc6 fr.pc=0x0000000002a77f18
Event: 7.390 Thread 0x00000000167e9000 DEOPT PACKING pc=0x0000000002a77f18 sp=0x000000001764ec70
Event: 7.390 Thread 0x00000000167e9000 DEOPT UNPACKING pc=0x000000000246582a sp=0x000000001764ebc8 mode 2
Event: 8.489 Executing VM operation: ParallelGCFailedAllocation
Event: 8.856 Executing VM operation: ParallelGCFailedAllocation done
Event: 8.897 Thread 0x0000000002320800 DEOPT PACKING pc=0x0000000002834ca8 sp=0x00000000022de110
Event: 8.897 Thread 0x0000000002320800 DEOPT UNPACKING pc=0x000000000246787f sp=0x00000000022ddf40 mode 0
Event: 9.531 loading class com/android/dx/cf/iface/ParseObserver
Event: 9.531 loading class com/android/dx/cf/iface/ParseObserver done


Dynamic libraries:
0x00007ff79edb0000 - 0x00007ff79ede7000 	C:\Program Files\Java\jdk1.8.0_65\bin\java.exe
0x00007fff9a640000 - 0x00007fff9a802000 	C:\WINDOWS\SYSTEM32\ntdll.dll
0x00007fff981e0000 - 0x00007fff9828d000 	C:\WINDOWS\system32\KERNEL32.DLL
0x00007fff97920000 - 0x00007fff97afd000 	C:\WINDOWS\system32\KERNELBASE.dll
0x00007fff98c40000 - 0x00007fff98ce6000 	C:\WINDOWS\system32\ADVAPI32.dll
0x00007fff983e0000 - 0x00007fff9847d000 	C:\WINDOWS\system32\msvcrt.dll
0x00007fff9a580000 - 0x00007fff9a5db000 	C:\WINDOWS\system32\sechost.dll
0x00007fff98480000 - 0x00007fff985a6000 	C:\WINDOWS\system32\RPCRT4.dll
0x00007fff9a3c0000 - 0x00007fff9a50e000 	C:\WINDOWS\system32\USER32.dll
0x00007fff98880000 - 0x00007fff98a06000 	C:\WINDOWS\system32\GDI32.dll
0x00007fff8d0e0000 - 0x00007fff8d354000 	C:\WINDOWS\WinSxS\amd64_microsoft.windows.common-controls_6595b64144ccf1df_6.0.10240.16384_none_f41f7b285750ef43\COMCTL32.dll
0x00007fff985b0000 - 0x00007fff985e6000 	C:\WINDOWS\system32\IMM32.DLL
0x00007fff98cf0000 - 0x00007fff98e4c000 	C:\WINDOWS\system32\MSCTF.dll
0x00000000660a0000 - 0x0000000066172000 	C:\Program Files\Java\jdk1.8.0_65\jre\bin\msvcr100.dll
0x00000000675a0000 - 0x0000000067e29000 	C:\Program Files\Java\jdk1.8.0_65\jre\bin\server\jvm.dll
0x00007fff98290000 - 0x00007fff98298000 	C:\WINDOWS\system32\PSAPI.DLL
0x00007fff83960000 - 0x00007fff83969000 	C:\WINDOWS\SYSTEM32\WSOCK32.dll
0x00007fff98a20000 - 0x00007fff98a89000 	C:\WINDOWS\system32\WS2_32.dll
0x00007fff985f0000 - 0x00007fff985f8000 	C:\WINDOWS\system32\NSI.dll
0x00007fff95310000 - 0x00007fff95333000 	C:\WINDOWS\SYSTEM32\WINMM.dll
0x00007fff95a90000 - 0x00007fff95a9a000 	C:\WINDOWS\SYSTEM32\VERSION.dll
0x00007fff952b0000 - 0x00007fff952dc000 	C:\WINDOWS\SYSTEM32\WINMMBASE.dll
0x00007fff977b0000 - 0x00007fff977f4000 	C:\WINDOWS\system32\cfgmgr32.dll
0x00007fff96e00000 - 0x00007fff96e27000 	C:\WINDOWS\SYSTEM32\DEVOBJ.dll
0x0000000067590000 - 0x000000006759f000 	C:\Program Files\Java\jdk1.8.0_65\jre\bin\verify.dll
0x0000000067560000 - 0x0000000067589000 	C:\Program Files\Java\jdk1.8.0_65\jre\bin\java.dll
0x0000000067540000 - 0x0000000067556000 	C:\Program Files\Java\jdk1.8.0_65\jre\bin\zip.dll
0x00007fff98e50000 - 0x00007fff9a3b8000 	C:\WINDOWS\system32\SHELL32.dll
0x00007fff97180000 - 0x00007fff977a8000 	C:\WINDOWS\system32\windows.storage.dll
0x00007fff98600000 - 0x00007fff9887c000 	C:\WINDOWS\system32\combase.dll
0x00007fff98180000 - 0x00007fff981d1000 	C:\WINDOWS\system32\shlwapi.dll
0x00007fff970c0000 - 0x00007fff970cf000 	C:\WINDOWS\system32\kernel.appcore.dll
0x00007fff97800000 - 0x00007fff978b3000 	C:\WINDOWS\system32\shcore.dll
0x00007fff97030000 - 0x00007fff9707a000 	C:\WINDOWS\system32\powrprof.dll
0x00007fff97080000 - 0x00007fff97093000 	C:\WINDOWS\system32\profapi.dll
0x00007fff98320000 - 0x00007fff983de000 	C:\WINDOWS\system32\OLEAUT32.dll

VM Arguments:
jvm_args: -Djava.awt.headless=true -Xmx1024M -Dfile.encoding=windows-1252 -Duser.country=US -Duser.language=en -Duser.variant 
java_command: com.android.dx.command.Main --dex --num-threads=4 --output C:\Users\admin\AndroidStudioProjects\pyschology\app\build\intermediates\pre-dexed\debug\internal_impl-23.2.0_28ec477ea61cf8a3d7630884e00a4caff03707d9.jar C:\Users\admin\AndroidStudioProjects\pyschology\app\build\intermediates\exploded-aar\com.android.support\support-v4\23.2.0\jars\libs\internal_impl-23.2.0.jar
java_class_path (initial): E:\admin\Documents\ssdk\build-tools\23.0.3\lib\dx.jar
Launcher Type: SUN_STANDARD

Environment Variables:
PATH=C:\Program Files (x86)\PC Connectivity Solution\;C:\ProgramData\Oracle\Java\javapath;C:\WINDOWS\system32;C:\WINDOWS;C:\WINDOWS\System32\Wbem;C:\WINDOWS\System32\WindowsPowerShell\v1.0\;C:\Program Files\Microsoft SQL Server\110\Tools\Binn\;C:\wamp\bin\php\php5.5.12;C:\ProgramData\ComposerSetup\bin;C:\Program Files (x86)\MySQL\MySQL Fabric 1.5 & MySQL Utilities 1.5\;C:\Program Files (x86)\MySQL\MySQL Fabric 1.5 & MySQL Utilities 1.5\Doctrine extensions for PHP\;C:\WINDOWS\system32\config\systemprofile\.dnx\bin;C:\Program Files\Microsoft DNX\Dnvm\;C:\Program Files (x86)\Skype\Phone\;C:\Program Files (x86)\Windows Kits\8.1\Windows Performance Toolkit\;C:\Program Files (x86)\Fuse\;C:\Users\admin\.dnx\bin
USERNAME=admin
OS=Windows_NT
PROCESSOR_IDENTIFIER=Intel64 Family 6 Model 69 Stepping 1, GenuineIntel



---------------  S Y S T E M  ---------------

OS: Windows 10.0 , 64 bit Build 10240 (10.0.10240.16384)

CPU:total 4 (2 cores per cpu, 2 threads per core) family 6 model 69 stepping 1, cmov, cx8, fxsr, mmx, sse, sse2, sse3, ssse3, sse4.1, sse4.2, popcnt, avx, avx2, aes, clmul, erms, lzcnt, ht, tsc, tscinvbit, bmi1, bmi2

Memory: 4k page, physical 6185324k(1042876k free), swap 10281324k(7384k free)

vm_info: Java HotSpot(TM) 64-Bit Server VM (25.65-b01) for windows-amd64 JRE (1.8.0_65-b17), built on Oct  6 2015 16:39:20 by "java_re" with MS VC++ 10.0 (VS2010)

time: Thu Jun 02 11:47:30 2016
elapsed time: 9 seconds (0d 0h 0m 9s)

