#
# There is insufficient memory for the Java Runtime Environment to continue.
# Native memory allocation (malloc) failed to allocate 674256 bytes for Chunk::new
# Possible reasons:
#   The system is out of physical RAM or swap space
#   In 32 bit mode, the process size limit was hit
# Possible solutions:
#   Reduce memory load on the system
#   Increase physical memory or swap space
#   Check if swap backing store is full
#   Use 64 bit Java on a 64 bit OS
#   Decrease Java heap size (-Xmx/-Xms)
#   Decrease number of Java threads
#   Decrease Java thread stack sizes (-Xss)
#   Set larger code cache with -XX:ReservedCodeCacheSize=
# This output file may be truncated or incomplete.
#
#  Out of Memory Error (allocation.cpp:390), pid=8220, tid=11152
#
# JRE version: Java(TM) SE Runtime Environment (8.0_65-b17) (build 1.8.0_65-b17)
# Java VM: Java HotSpot(TM) 64-Bit Server VM (25.65-b01 mixed mode windows-amd64 compressed oops)
# Failed to write core dump. Minidumps are not enabled by default on client versions of Windows
#

---------------  T H R E A D  ---------------

Current thread (0x00000000156de000):  JavaThread "C2 CompilerThread1" daemon [_thread_in_native, id=11152, stack(0x0000000016dd0000,0x0000000016ed0000)]

Stack: [0x0000000016dd0000,0x0000000016ed0000]
[error occurred during error reporting (printing stack bounds), id 0xc0000005]

Native frames: (J=compiled Java code, j=interpreted, Vv=VM code, C=native code)


Current CompileTask:
C2:  28457 2732       4       com.android.dx.dex.code.LocalList::make (102 bytes)


---------------  P R O C E S S  ---------------

Java Threads: ( => current thread )
  0x0000000016edd000 JavaThread "Service Thread" daemon [_thread_blocked, id=8500, stack(0x00000000173d0000,0x00000000174d0000)]
  0x0000000016ed3800 JavaThread "C1 CompilerThread2" daemon [_thread_blocked, id=13716, stack(0x00000000172d0000,0x00000000173d0000)]
=>0x00000000156de000 JavaThread "C2 CompilerThread1" daemon [_thread_in_native, id=11152, stack(0x0000000016dd0000,0x0000000016ed0000)]
  0x0000000015689800 JavaThread "C2 CompilerThread0" daemon [_thread_in_native, id=15756, stack(0x0000000016cd0000,0x0000000016dd0000)]
  0x0000000015687800 JavaThread "Attach Listener" daemon [_thread_blocked, id=14564, stack(0x0000000016bd0000,0x0000000016cd0000)]
  0x0000000015686000 JavaThread "Signal Dispatcher" daemon [_thread_blocked, id=11224, stack(0x0000000016ad0000,0x0000000016bd0000)]
  0x0000000002fb2800 JavaThread "Finalizer" daemon [_thread_blocked, id=1292, stack(0x00000000168f0000,0x00000000169f0000)]
  0x0000000002faf800 JavaThread "Reference Handler" daemon [_thread_blocked, id=3912, stack(0x00000000167f0000,0x00000000168f0000)]
  0x0000000002ec2800 JavaThread "main" [_thread_in_Java, id=6124, stack(0x0000000002dc0000,0x0000000002ec0000)]

Other Threads:
  0x0000000015657000 VMThread [stack: 0x00000000166f0000,0x00000000167f0000] [id=12824]
  0x0000000016ef3800 WatcherThread [stack: 0x00000000174d0000,0x00000000175d0000] [id=9572]

VM state:not at safepoint (normal execution)

VM Mutex/Monitor currently owned by a thread: None

Heap:
 PSYoungGen      total 219136K, used 32929K [0x00000000eab00000, 0x0000000100000000, 0x0000000100000000)
  eden space 193536K, 10% used [0x00000000eab00000,0x00000000ebf46850,0x00000000f6800000)
  from space 25600K, 47% used [0x00000000f6800000,0x00000000f73e1cb8,0x00000000f8100000)
  to   space 41472K, 0% used [0x00000000fd780000,0x00000000fd780000,0x0000000100000000)
 ParOldGen       total 130048K, used 65170K [0x00000000c0000000, 0x00000000c7f00000, 0x00000000eab00000)
  object space 130048K, 50% used [0x00000000c0000000,0x00000000c3fa48c0,0x00000000c7f00000)
 Metaspace       used 6860K, capacity 7544K, committed 7680K, reserved 1056768K
  class space    used 642K, capacity 688K, committed 768K, reserved 1048576K

Card table byte_map: [0x0000000012380000,0x0000000012590000] byte_map_base: 0x0000000011d80000

Marking Bits: (ParMarkBitMap*) 0x0000000069f9a5b0
 Begin Bits: [0x0000000012af0000, 0x0000000013af0000)
 End Bits:   [0x0000000013af0000, 0x0000000014af0000)

Polling page: 0x00000000016b0000

CodeCache: size=245760Kb used=11794Kb max_used=11808Kb free=233965Kb
 bounds [0x0000000002fc0000, 0x0000000003b60000, 0x0000000011fc0000]
 total_blobs=2876 nmethods=2606 adapters=182
 compilation: enabled

Compilation events (10 events):
Event: 28.426 Thread 0x0000000016ed3800 2731       3       com.android.dx.dex.code.form.Form22t::branchFits (22 bytes)
Event: 28.427 Thread 0x0000000016ed3800 nmethod 2731 0x0000000003b3f990 code [0x0000000003b3fb40, 0x0000000003b40278]
Event: 28.428 Thread 0x00000000156de000 2732       4       com.android.dx.dex.code.LocalList::make (102 bytes)
Event: 28.434 Thread 0x0000000015689800 2733       4       com.android.dx.dex.code.StdCatchBuilder::build (262 bytes)
Event: 28.449 Thread 0x0000000016ed3800 2734       3       com.android.dx.dex.code.DalvInsn::expandedPrefix (64 bytes)
Event: 28.450 Thread 0x0000000016ed3800 nmethod 2734 0x0000000003b467d0 code [0x0000000003b46a00, 0x0000000003b47648]
Event: 28.450 Thread 0x0000000016ed3800 2735       3       com.android.dx.dex.code.DalvInsn::expandedSuffix (40 bytes)
Event: 28.451 Thread 0x0000000016ed3800 nmethod 2735 0x0000000003b3ec90 code [0x0000000003b3ee60, 0x0000000003b3f6b8]
Event: 28.451 Thread 0x0000000016ed3800 2736       3       com.android.dx.dex.code.DalvInsn::expandedVersion (20 bytes)
Event: 28.452 Thread 0x0000000016ed3800 nmethod 2736 0x0000000003b46050 code [0x0000000003b461e0, 0x0000000003b46658]

GC Heap History (10 events):
Event: 10.493 GC heap before
{Heap before GC invocations=4 (full 0):
 PSYoungGen      total 53248K, used 53224K [0x00000000eab00000, 0x00000000f1300000, 0x0000000100000000)
  eden space 49152K, 100% used [0x00000000eab00000,0x00000000edb00000,0x00000000edb00000)
  from space 4096K, 99% used [0x00000000edb00000,0x00000000edefa2b0,0x00000000edf00000)
  to   space 4096K, 0% used [0x00000000f0f00000,0x00000000f0f00000,0x00000000f1300000)
 ParOldGen       total 65536K, used 9139K [0x00000000c0000000, 0x00000000c4000000, 0x00000000eab00000)
  object space 65536K, 13% used [0x00000000c0000000,0x00000000c08eccf8,0x00000000c4000000)
 Metaspace       used 6279K, capacity 7152K, committed 7296K, reserved 1056768K
  class space    used 603K, capacity 616K, committed 640K, reserved 1048576K
Event: 10.629 GC heap after
Heap after GC invocations=4 (full 0):
 PSYoungGen      total 102400K, used 4076K [0x00000000eab00000, 0x00000000f1300000, 0x0000000100000000)
  eden space 98304K, 0% used [0x00000000eab00000,0x00000000eab00000,0x00000000f0b00000)
  from space 4096K, 99% used [0x00000000f0f00000,0x00000000f12fb1f8,0x00000000f1300000)
  to   space 4096K, 0% used [0x00000000f0b00000,0x00000000f0b00000,0x00000000f0f00000)
 ParOldGen       total 65536K, used 17034K [0x00000000c0000000, 0x00000000c4000000, 0x00000000eab00000)
  object space 65536K, 25% used [0x00000000c0000000,0x00000000c10a2a40,0x00000000c4000000)
 Metaspace       used 6279K, capacity 7152K, committed 7296K, reserved 1056768K
  class space    used 603K, capacity 616K, committed 640K, reserved 1048576K
}
Event: 12.261 GC heap before
{Heap before GC invocations=5 (full 0):
 PSYoungGen      total 102400K, used 102380K [0x00000000eab00000, 0x00000000f1300000, 0x0000000100000000)
  eden space 98304K, 100% used [0x00000000eab00000,0x00000000f0b00000,0x00000000f0b00000)
  from space 4096K, 99% used [0x00000000f0f00000,0x00000000f12fb1f8,0x00000000f1300000)
  to   space 4096K, 0% used [0x00000000f0b00000,0x00000000f0b00000,0x00000000f0f00000)
 ParOldGen       total 65536K, used 17034K [0x00000000c0000000, 0x00000000c4000000, 0x00000000eab00000)
  object space 65536K, 25% used [0x00000000c0000000,0x00000000c10a2a40,0x00000000c4000000)
 Metaspace       used 6376K, capacity 7152K, committed 7296K, reserved 1056768K
  class space    used 603K, capacity 616K, committed 640K, reserved 1048576K
Event: 12.621 GC heap after
Heap after GC invocations=5 (full 0):
 PSYoungGen      total 102400K, used 4090K [0x00000000eab00000, 0x00000000f9700000, 0x0000000100000000)
  eden space 98304K, 0% used [0x00000000eab00000,0x00000000eab00000,0x00000000f0b00000)
  from space 4096K, 99% used [0x00000000f0b00000,0x00000000f0efe968,0x00000000f0f00000)
  to   space 22528K, 0% used [0x00000000f8100000,0x00000000f8100000,0x00000000f9700000)
 ParOldGen       total 65536K, used 33246K [0x00000000c0000000, 0x00000000c4000000, 0x00000000eab00000)
  object space 65536K, 50% used [0x00000000c0000000,0x00000000c20778f0,0x00000000c4000000)
 Metaspace       used 6376K, capacity 7152K, committed 7296K, reserved 1056768K
  class space    used 603K, capacity 616K, committed 640K, reserved 1048576K
}
Event: 14.500 GC heap before
{Heap before GC invocations=6 (full 0):
 PSYoungGen      total 102400K, used 102394K [0x00000000eab00000, 0x00000000f9700000, 0x0000000100000000)
  eden space 98304K, 100% used [0x00000000eab00000,0x00000000f0b00000,0x00000000f0b00000)
  from space 4096K, 99% used [0x00000000f0b00000,0x00000000f0efe968,0x00000000f0f00000)
  to   space 22528K, 0% used [0x00000000f8100000,0x00000000f8100000,0x00000000f9700000)
 ParOldGen       total 65536K, used 33246K [0x00000000c0000000, 0x00000000c4000000, 0x00000000eab00000)
  object space 65536K, 50% used [0x00000000c0000000,0x00000000c20778f0,0x00000000c4000000)
 Metaspace       used 6532K, capacity 7256K, committed 7424K, reserved 1056768K
  class space    used 624K, capacity 656K, committed 768K, reserved 1048576K
Event: 14.640 GC heap after
Heap after GC invocations=6 (full 0):
 PSYoungGen      total 216064K, used 19308K [0x00000000eab00000, 0x00000000f9d00000, 0x0000000100000000)
  eden space 193536K, 0% used [0x00000000eab00000,0x00000000eab00000,0x00000000f6800000)
  from space 22528K, 85% used [0x00000000f8100000,0x00000000f93db010,0x00000000f9700000)
  to   space 25600K, 0% used [0x00000000f6800000,0x00000000f6800000,0x00000000f8100000)
 ParOldGen       total 65536K, used 33246K [0x00000000c0000000, 0x00000000c4000000, 0x00000000eab00000)
  object space 65536K, 50% used [0x00000000c0000000,0x00000000c20778f0,0x00000000c4000000)
 Metaspace       used 6532K, capacity 7256K, committed 7424K, reserved 1056768K
  class space    used 624K, capacity 656K, committed 768K, reserved 1048576K
}
Event: 16.524 GC heap before
{Heap before GC invocations=7 (full 0):
 PSYoungGen      total 216064K, used 212844K [0x00000000eab00000, 0x00000000f9d00000, 0x0000000100000000)
  eden space 193536K, 100% used [0x00000000eab00000,0x00000000f6800000,0x00000000f6800000)
  from space 22528K, 85% used [0x00000000f8100000,0x00000000f93db010,0x00000000f9700000)
  to   space 25600K, 0% used [0x00000000f6800000,0x00000000f6800000,0x00000000f8100000)
 ParOldGen       total 65536K, used 33246K [0x00000000c0000000, 0x00000000c4000000, 0x00000000eab00000)
  object space 65536K, 50% used [0x00000000c0000000,0x00000000c20778f0,0x00000000c4000000)
 Metaspace       used 6554K, capacity 7256K, committed 7424K, reserved 1056768K
  class space    used 624K, capacity 656K, committed 768K, reserved 1048576K
Event: 16.830 GC heap after
Heap after GC invocations=7 (full 0):
 PSYoungGen      total 219136K, used 25573K [0x00000000eab00000, 0x0000000100000000, 0x0000000100000000)
  eden space 193536K, 0% used [0x00000000eab00000,0x00000000eab00000,0x00000000f6800000)
  from space 25600K, 99% used [0x00000000f6800000,0x00000000f80f97e8,0x00000000f8100000)
  to   space 41472K, 0% used [0x00000000fd780000,0x00000000fd780000,0x0000000100000000)
 ParOldGen       total 65536K, used 55424K [0x00000000c0000000, 0x00000000c4000000, 0x00000000eab00000)
  object space 65536K, 84% used [0x00000000c0000000,0x00000000c3620278,0x00000000c4000000)
 Metaspace       used 6554K, capacity 7256K, committed 7424K, reserved 1056768K
  class space    used 624K, capacity 656K, committed 768K, reserved 1048576K
}
Event: 16.830 GC heap before
{Heap before GC invocations=8 (full 1):
 PSYoungGen      total 219136K, used 25573K [0x00000000eab00000, 0x0000000100000000, 0x0000000100000000)
  eden space 193536K, 0% used [0x00000000eab00000,0x00000000eab00000,0x00000000f6800000)
  from space 25600K, 99% used [0x00000000f6800000,0x00000000f80f97e8,0x00000000f8100000)
  to   space 41472K, 0% used [0x00000000fd780000,0x00000000fd780000,0x0000000100000000)
 ParOldGen       total 65536K, used 55424K [0x00000000c0000000, 0x00000000c4000000, 0x00000000eab00000)
  object space 65536K, 84% used [0x00000000c0000000,0x00000000c3620278,0x00000000c4000000)
 Metaspace       used 6554K, capacity 7256K, committed 7424K, reserved 1056768K
  class space    used 624K, capacity 656K, committed 768K, reserved 1048576K
Event: 22.526 GC heap after
Heap after GC invocations=8 (full 1):
 PSYoungGen      total 219136K, used 12167K [0x00000000eab00000, 0x0000000100000000, 0x0000000100000000)
  eden space 193536K, 0% used [0x00000000eab00000,0x00000000eab00000,0x00000000f6800000)
  from space 25600K, 47% used [0x00000000f6800000,0x00000000f73e1cb8,0x00000000f8100000)
  to   space 41472K, 0% used [0x00000000fd780000,0x00000000fd780000,0x0000000100000000)
 ParOldGen       total 130048K, used 65170K [0x00000000c0000000, 0x00000000c7f00000, 0x00000000eab00000)
  object space 130048K, 50% used [0x00000000c0000000,0x00000000c3fa48c0,0x00000000c7f00000)
 Metaspace       used 6554K, capacity 7256K, committed 7424K, reserved 1056768K
  class space    used 624K, capacity 656K, committed 768K, reserved 1048576K
}

Deoptimization events (10 events):
Event: 26.254 Thread 0x0000000002ec2800 Uncommon trap: reason=predicate action=maybe_recompile pc=0x0000000003a1ad78 method=java.util.ComparableTimSort.binarySort([Ljava/lang/Object;III)V @ 37
Event: 26.260 Thread 0x0000000002ec2800 Uncommon trap: reason=class_check action=maybe_recompile pc=0x000000000331e240 method=java.util.Arrays.equals([Ljava/lang/Object;[Ljava/lang/Object;)Z @ 62
Event: 26.260 Thread 0x0000000002ec2800 Uncommon trap: reason=class_check action=maybe_recompile pc=0x000000000331e240 method=java.util.Arrays.equals([Ljava/lang/Object;[Ljava/lang/Object;)Z @ 62
Event: 26.260 Thread 0x0000000002ec2800 Uncommon trap: reason=unstable_if action=reinterpret pc=0x000000000331e218 method=java.util.Arrays.equals([Ljava/lang/Object;[Ljava/lang/Object;)Z @ 23
Event: 26.261 Thread 0x0000000002ec2800 Uncommon trap: reason=unstable_if action=reinterpret pc=0x00000000038979ac method=java.util.TreeMap.put(Ljava/lang/Object;Ljava/lang/Object;)Ljava/lang/Object; @ 163
Event: 27.042 Thread 0x0000000002ec2800 Uncommon trap: reason=unstable_if action=reinterpret pc=0x0000000003ac6d00 method=com.android.dx.dex.code.OutputFinisher.findOpcodeForInsn(Lcom/android/dx/dex/code/DalvInsn;Lcom/android/dx/dex/code/Dop;)Lcom/android/dx/dex/code/Dop; @ 1
Event: 27.352 Thread 0x0000000002ec2800 Uncommon trap: reason=unstable_if action=reinterpret pc=0x0000000003ae0af0 method=com.android.dx.rop.code.RegisterSpec.matchesVariable(Lcom/android/dx/rop/code/RegisterSpec;)Z @ 59
Event: 27.353 Thread 0x0000000002ec2800 Uncommon trap: reason=array_check action=maybe_recompile pc=0x0000000003b050a8 method=java.util.ComparableTimSort.binarySort([Ljava/lang/Object;III)V @ 193
Event: 27.686 Thread 0x0000000002ec2800 Uncommon trap: reason=array_check action=maybe_recompile pc=0x0000000003b05170 method=java.util.ComparableTimSort.binarySort([Ljava/lang/Object;III)V @ 183
Event: 28.158 Thread 0x0000000002ec2800 Uncommon trap: reason=unstable_if action=reinterpret pc=0x0000000003b20fe0 method=com.android.dx.dex.code.OutputFinisher.align64bits([Lcom/android/dx/dex/code/Dop;)V @ 172

Internal exceptions (9 events):
Event: 0.069 Thread 0x0000000002ec2800 Exception <a 'java/lang/NoSuchMethodError': Method sun.misc.Unsafe.defineClass(Ljava/lang/String;[BII)Ljava/lang/Class; name or signature does not match> (0x00000000eab0d7e0) thrown at [C:\workspace\8-2-build-windows-amd64-cygwin\jdk8u65\4987\hotspot\src\s{éŠ†¬Á±?
Event: 0.069 Thread 0x0000000002ec2800 Exception <a 'java/lang/NoSuchMethodError': Method sun.misc.Unsafe.prefetchRead(Ljava/lang/Object;J)V name or signature does not match> (0x00000000eab0dac8) thrown at [C:\workspace\8-2-build-windows-amd64-cygwin\jdk8u65\4987\hotspot\src\share\vm\prims\jni.’Ÿ~í»ù@
Event: 3.872 Thread 0x000000001718d800 Implicit null exception at 0x00000000032fcb22 to 0x00000000032fcc29
Event: 11.740 Thread 0x000000001718d800 Implicit null exception at 0x000000000383c9d4 to 0x0000000003841471
Event: 12.244 Thread 0x000000001718e800 Implicit null exception at 0x000000000362d616 to 0x000000000362e89d
Event: 12.676 Thread 0x000000001718e800 Implicit null exception at 0x0000000003625a3d to 0x00000000036270fd
Event: 13.565 Thread 0x000000001718f000 Exception <a 'java/lang/ArrayIndexOutOfBoundsException': 18> (0x00000000ece61db8) thrown at [C:\workspace\8-2-build-windows-amd64-cygwin\jdk8u65\4987\hotspot\src\share\vm\interpreter\interpreterRuntime.cpp, line 366]
Event: 13.566 Thread 0x000000001718f000 Exception <a 'java/lang/ArrayIndexOutOfBoundsException': 145> (0x00000000ece63938) thrown at [C:\workspace\8-2-build-windows-amd64-cygwin\jdk8u65\4987\hotspot\src\share\vm\interpreter\interpreterRuntime.cpp, line 366]
Event: 13.933 Thread 0x000000001718f000 Exception <a 'java/lang/ArrayIndexOutOfBoundsException'> (0x00000000ece64c20) thrown at [C:\workspace\8-2-build-windows-amd64-cygwin\jdk8u65\4987\hotspot\src\share\vm\runtime\sharedRuntime.cpp, line 605]

Events (10 events):
Event: 28.177 Thread 0x0000000002ec2800 DEOPT PACKING pc=0x0000000003acb666 sp=0x0000000002ebf0b0
Event: 28.177 Thread 0x0000000002ec2800 DEOPT UNPACKING pc=0x000000000300787f sp=0x0000000002ebee78 mode 0
Event: 28.202 Thread 0x0000000002ec2800 DEOPT PACKING pc=0x0000000003b3dde3 sp=0x0000000002ebf0b0
Event: 28.203 Thread 0x0000000002ec2800 DEOPT UNPACKING pc=0x000000000300787f sp=0x0000000002ebee00 mode 0
Event: 28.256 Thread 0x0000000002ec2800 DEOPT PACKING pc=0x0000000003b3dde3 sp=0x0000000002ebef30
Event: 28.256 Thread 0x0000000002ec2800 DEOPT UNPACKING pc=0x000000000300787f sp=0x0000000002ebec80 mode 0
Event: 28.432 Thread 0x0000000002ec2800 DEOPT PACKING pc=0x0000000003ac4d09 sp=0x0000000002ebf150
Event: 28.432 Thread 0x0000000002ec2800 DEOPT UNPACKING pc=0x000000000300787f sp=0x0000000002ebeea0 mode 0
Event: 28.447 Thread 0x0000000002ec2800 DEOPT PACKING pc=0x0000000003b3dde3 sp=0x0000000002ebf0b0
Event: 28.447 Thread 0x0000000002ec2800 DEOPT UNPACKING pc=0x000000000300787f sp=0x0000000002ebee00 mode 0


Dynamic libraries:
0x00007ff770ae0000 - 0x00007ff770b17000 	C:\Program Files\Java\jdk1.8.0_65\bin\java.exe
0x00007ffa1e5d0000 - 0x00007ffa1e791000 	C:\WINDOWS\SYSTEM32\ntdll.dll
0x00007ffa1d190000 - 0x00007ffa1d23d000 	C:\WINDOWS\system32\KERNEL32.DLL
0x00007ffa1b670000 - 0x00007ffa1b858000 	C:\WINDOWS\system32\KERNELBASE.dll
0x00007ffa1da50000 - 0x00007ffa1daf7000 	C:\WINDOWS\system32\ADVAPI32.dll
0x00007ffa1d640000 - 0x00007ffa1d6dd000 	C:\WINDOWS\system32\msvcrt.dll
0x00007ffa1dc00000 - 0x00007ffa1dc5b000 	C:\WINDOWS\system32\sechost.dll
0x00007ffa1e4a0000 - 0x00007ffa1e5bc000 	C:\WINDOWS\system32\RPCRT4.dll
0x00007ffa1cff0000 - 0x00007ffa1d146000 	C:\WINDOWS\system32\USER32.dll
0x00007ffa1d240000 - 0x00007ffa1d3c6000 	C:\WINDOWS\system32\GDI32.dll
0x00007ffa0c6b0000 - 0x00007ffa0c924000 	C:\WINDOWS\WinSxS\amd64_microsoft.windows.common-controls_6595b64144ccf1df_6.0.10586.0_none_8c15ae12515e1c22\COMCTL32.dll
0x00007ffa1e220000 - 0x00007ffa1e49d000 	C:\WINDOWS\system32\combase.dll
0x00007ffa1b960000 - 0x00007ffa1b9ca000 	C:\WINDOWS\system32\bcryptPrimitives.dll
0x00007ffa1d150000 - 0x00007ffa1d18b000 	C:\WINDOWS\system32\IMM32.DLL
0x000000006b580000 - 0x000000006b652000 	C:\Program Files\Java\jdk1.8.0_65\jre\bin\msvcr100.dll
0x0000000069790000 - 0x000000006a019000 	C:\Program Files\Java\jdk1.8.0_65\jre\bin\server\jvm.dll
0x00007ffa1dbf0000 - 0x00007ffa1dbf8000 	C:\WINDOWS\system32\PSAPI.DLL
0x00007ffa0a750000 - 0x00007ffa0a759000 	C:\WINDOWS\SYSTEM32\WSOCK32.dll
0x00007ffa1db80000 - 0x00007ffa1dbeb000 	C:\WINDOWS\system32\WS2_32.dll
0x00007ffa0c9a0000 - 0x00007ffa0c9aa000 	C:\WINDOWS\SYSTEM32\VERSION.dll
0x00007ffa194c0000 - 0x00007ffa194e3000 	C:\WINDOWS\SYSTEM32\WINMM.dll
0x00007ffa19490000 - 0x00007ffa194bc000 	C:\WINDOWS\SYSTEM32\WINMMBASE.dll
0x00007ffa1b910000 - 0x00007ffa1b953000 	C:\WINDOWS\system32\cfgmgr32.dll
0x0000000069780000 - 0x000000006978f000 	C:\Program Files\Java\jdk1.8.0_65\jre\bin\verify.dll
0x0000000069750000 - 0x0000000069779000 	C:\Program Files\Java\jdk1.8.0_65\jre\bin\java.dll
0x0000000069730000 - 0x0000000069746000 	C:\Program Files\Java\jdk1.8.0_65\jre\bin\zip.dll
0x00007ffa1ba30000 - 0x00007ffa1cf8c000 	C:\WINDOWS\system32\SHELL32.dll
0x00007ffa1ac80000 - 0x00007ffa1b2c4000 	C:\WINDOWS\system32\windows.storage.dll
0x00007ffa1b9d0000 - 0x00007ffa1ba22000 	C:\WINDOWS\system32\shlwapi.dll
0x00007ffa1abf0000 - 0x00007ffa1abff000 	C:\WINDOWS\system32\kernel.appcore.dll
0x00007ffa1b3e0000 - 0x00007ffa1b495000 	C:\WINDOWS\system32\shcore.dll
0x00007ffa1ac00000 - 0x00007ffa1ac4b000 	C:\WINDOWS\system32\powrprof.dll
0x00007ffa1ac50000 - 0x00007ffa1ac64000 	C:\WINDOWS\system32\profapi.dll

VM Arguments:
jvm_args: -Djava.awt.headless=true -Xmx1024M -Dfile.encoding=windows-1252 -Duser.country=US -Duser.language=en -Duser.variant 
java_command: com.android.dx.command.Main --dex --num-threads=4 --output C:\Users\admin\AndroidStudioProjects\pyschology\app\build\intermediates\pre-dexed\debug\com.android.support-support-v4-24.0.0_128a43cd5f86e08197ad67eccdf967078ebdde70.jar C:\Users\admin\AndroidStudioProjects\pyschology\app\build\intermediates\exploded-aar\com.android.support\support-v4\24.0.0\jars\classes.jar
java_class_path (initial): E:\admin\Documents\ssdk\sdk\build-tools\23.0.3\lib\dx.jar
Launcher Type: SUN_STANDARD

Environment Variables:
PATH=C:\Program Files (x86)\PC Connectivity Solution\;C:\ProgramData\Oracle\Java\javapath;C:\WINDOWS\system32;C:\WINDOWS;C:\WINDOWS\System32\Wbem;C:\WINDOWS\System32\WindowsPowerShell\v1.0\;C:\Program Files\Microsoft SQL Server\110\Tools\Binn\;C:\wamp\bin\php\php5.5.12;C:\Program Files (x86)\MySQL\MySQL Fabric 1.5 & MySQL Utilities 1.5\;C:\Program Files (x86)\MySQL\MySQL Fabric 1.5 & MySQL Utilities 1.5\Doctrine extensions for PHP\;C:\Users\admin\.dnx\bin;C:\Program Files\Microsoft DNX\Dnvm\;C:\Program Files (x86)\Skype\Phone\;C:\Program Files (x86)\Windows Kits\8.1\Windows Performance Toolkit\;C:\Program Files (x86)\Fuse\;C:\Program Files\nodejs\;C:\Program Files\Git\cmd;C:\HashiCorp\Vagrant\bin;C:\wamp64\bin\php\php5.6.16;C:\ProgramData\ComposerSetup\bin;C:\Users\admin\.dnx\bin;C:\Users\admin\AppData\Roaming\npm;C:\Users\admin\AppData\Roaming\Composer\vendor\bin
USERNAME=admin
OS=Windows_NT
PROCESSOR_IDENTIFIER=Intel64 Family 6 Model 69 Stepping 1, GenuineIntel



---------------  S Y S T E M  ---------------

OS: Windows 10.0 , 64 bit Build 10586 (10.0.10586.0)

CPU:total 4 (2 cores per cpu, 2 threads per core) family 6 model 69 stepping 1, cmov, cx8, fxsr, mmx, sse, sse2, sse3, ssse3, sse4.1, sse4.2, popcnt, avx, avx2, aes, clmul, erms, lzcnt, ht, tsc, tscinvbit, bmi1, bmi2

Memory: 4k page, physical 6185324k(312540k free), swap 10281324k(5348k free)

vm_info: Java HotSpot(TM) 64-Bit Server VM (25.65-b01) for windows-amd64 JRE (1.8.0_65-b17), built on Oct  6 2015 16:39:20 by "java_re" with MS VC++ 10.0 (VS2010)

time: Tue Jul 05 11:01:23 2016
elapsed time: 28 seconds (0d 0h 0m 28s)

